[2024-06-16T14:33:04.907+0000] {local_task_job_runner.py:120} INFO - ::group::Pre task execution logs
[2024-06-16T14:33:04.986+0000] {taskinstance.py:2076} INFO - Dependencies all met for dep_context=non-requeueable deps ti=<TaskInstance: weather_pipeline.extract_weather_data manual__2024-06-16T14:32:41.436111+00:00 [queued]>
[2024-06-16T14:33:05.002+0000] {taskinstance.py:2076} INFO - Dependencies all met for dep_context=requeueable deps ti=<TaskInstance: weather_pipeline.extract_weather_data manual__2024-06-16T14:32:41.436111+00:00 [queued]>
[2024-06-16T14:33:05.004+0000] {taskinstance.py:2306} INFO - Starting attempt 1 of 1
[2024-06-16T14:33:05.043+0000] {taskinstance.py:2330} INFO - Executing <Task(PythonOperator): extract_weather_data> on 2024-06-16 14:32:41.436111+00:00
[2024-06-16T14:33:05.061+0000] {warnings.py:112} WARNING - /home/***/.local/lib/python3.12/site-packages/***/task/task_runner/standard_task_runner.py:61: DeprecationWarning: This process (pid=318) is multi-threaded, use of fork() may lead to deadlocks in the child.
  pid = os.fork()

[2024-06-16T14:33:05.066+0000] {standard_task_runner.py:63} INFO - Started process 320 to run task
[2024-06-16T14:33:05.066+0000] {standard_task_runner.py:90} INFO - Running: ['***', 'tasks', 'run', 'weather_pipeline', 'extract_weather_data', 'manual__2024-06-16T14:32:41.436111+00:00', '--job-id', '129', '--raw', '--subdir', 'DAGS_FOLDER/weather.py', '--cfg-path', '/tmp/tmpm7om0got']
[2024-06-16T14:33:05.069+0000] {standard_task_runner.py:91} INFO - Job 129: Subtask extract_weather_data
[2024-06-16T14:33:05.184+0000] {task_command.py:426} INFO - Running <TaskInstance: weather_pipeline.extract_weather_data manual__2024-06-16T14:32:41.436111+00:00 [running]> on host 3ee39c4edaab
[2024-06-16T14:33:05.460+0000] {taskinstance.py:2648} INFO - Exporting env vars: AIRFLOW_CTX_DAG_OWNER='***' AIRFLOW_CTX_DAG_ID='weather_pipeline' AIRFLOW_CTX_TASK_ID='extract_weather_data' AIRFLOW_CTX_EXECUTION_DATE='2024-06-16T14:32:41.436111+00:00' AIRFLOW_CTX_TRY_NUMBER='1' AIRFLOW_CTX_DAG_RUN_ID='manual__2024-06-16T14:32:41.436111+00:00'
[2024-06-16T14:33:05.465+0000] {taskinstance.py:430} INFO - ::endgroup::
[2024-06-16T14:33:50.759+0000] {logging_mixin.py:188} INFO - Weather data extracted and saved to '/opt/***/dags/weather_data.csv'
[2024-06-16T14:33:50.765+0000] {python.py:237} INFO - Done. Returned value was: True
[2024-06-16T14:33:50.768+0000] {taskinstance.py:441} INFO - ::group::Post task execution logs
[2024-06-16T14:33:50.836+0000] {taskinstance.py:1206} INFO - Marking task as SUCCESS. dag_id=weather_pipeline, task_id=extract_weather_data, run_id=manual__2024-06-16T14:32:41.436111+00:00, execution_date=20240616T143241, start_date=20240616T143304, end_date=20240616T143350
[2024-06-16T14:33:50.906+0000] {local_task_job_runner.py:240} INFO - Task exited with return code 0
[2024-06-16T14:33:50.948+0000] {taskinstance.py:3503} INFO - 1 downstream tasks scheduled from follow-on schedule check
[2024-06-16T14:33:50.954+0000] {local_task_job_runner.py:222} INFO - ::endgroup::
