[2024-06-16T14:14:20.620+0000] {local_task_job_runner.py:120} INFO - ::group::Pre task execution logs
[2024-06-16T14:14:20.847+0000] {taskinstance.py:2076} INFO - Dependencies all met for dep_context=non-requeueable deps ti=<TaskInstance: simple-etl-dag.extract scheduled__2024-05-16T00:00:00+00:00 [queued]>
[2024-06-16T14:14:20.914+0000] {taskinstance.py:2076} INFO - Dependencies all met for dep_context=requeueable deps ti=<TaskInstance: simple-etl-dag.extract scheduled__2024-05-16T00:00:00+00:00 [queued]>
[2024-06-16T14:14:20.921+0000] {taskinstance.py:2306} INFO - Starting attempt 1 of 1
[2024-06-16T14:14:21.115+0000] {taskinstance.py:2330} INFO - Executing <Task(BashOperator): extract> on 2024-05-16 00:00:00+00:00
[2024-06-16T14:14:21.251+0000] {warnings.py:112} WARNING - /home/***/.local/lib/python3.12/site-packages/***/task/task_runner/standard_task_runner.py:61: DeprecationWarning: This process (pid=62) is multi-threaded, use of fork() may lead to deadlocks in the child.
  pid = os.fork()

[2024-06-16T14:14:21.264+0000] {standard_task_runner.py:63} INFO - Started process 66 to run task
[2024-06-16T14:14:21.251+0000] {standard_task_runner.py:90} INFO - Running: ['***', 'tasks', 'run', 'simple-etl-dag', 'extract', 'scheduled__2024-05-16T00:00:00+00:00', '--job-id', '110', '--raw', '--subdir', 'DAGS_FOLDER/simple-dag.py', '--cfg-path', '/tmp/tmpcstvasmt']
[2024-06-16T14:14:21.269+0000] {standard_task_runner.py:91} INFO - Job 110: Subtask extract
[2024-06-16T14:14:21.902+0000] {task_command.py:426} INFO - Running <TaskInstance: simple-etl-dag.extract scheduled__2024-05-16T00:00:00+00:00 [running]> on host 3ee39c4edaab
[2024-06-16T14:14:22.819+0000] {taskinstance.py:2648} INFO - Exporting env vars: AIRFLOW_CTX_DAG_OWNER='***' AIRFLOW_CTX_DAG_ID='simple-etl-dag' AIRFLOW_CTX_TASK_ID='extract' AIRFLOW_CTX_EXECUTION_DATE='2024-05-16T00:00:00+00:00' AIRFLOW_CTX_TRY_NUMBER='1' AIRFLOW_CTX_DAG_RUN_ID='scheduled__2024-05-16T00:00:00+00:00'
[2024-06-16T14:14:22.842+0000] {taskinstance.py:430} INFO - ::endgroup::
[2024-06-16T14:14:22.863+0000] {subprocess.py:63} INFO - Tmp dir root location: /tmp
[2024-06-16T14:14:22.868+0000] {subprocess.py:75} INFO - Running command: ['/usr/bin/bash', '-c', "echo 'Extracting Data from different sources'"]
[2024-06-16T14:14:23.024+0000] {subprocess.py:86} INFO - Output:
[2024-06-16T14:14:23.045+0000] {subprocess.py:93} INFO - Extracting Data from different sources
[2024-06-16T14:14:23.051+0000] {subprocess.py:97} INFO - Command exited with return code 0
[2024-06-16T14:14:23.066+0000] {taskinstance.py:441} INFO - ::group::Post task execution logs
[2024-06-16T14:14:23.238+0000] {taskinstance.py:1206} INFO - Marking task as SUCCESS. dag_id=simple-etl-dag, task_id=extract, run_id=scheduled__2024-05-16T00:00:00+00:00, execution_date=20240516T000000, start_date=20240616T141420, end_date=20240616T141423
[2024-06-16T14:14:23.456+0000] {local_task_job_runner.py:240} INFO - Task exited with return code 0
[2024-06-16T14:14:23.622+0000] {taskinstance.py:3503} INFO - 1 downstream tasks scheduled from follow-on schedule check
[2024-06-16T14:14:23.638+0000] {local_task_job_runner.py:222} INFO - ::endgroup::
