[2024-05-12T11:30:42.129+0000] {manager.py:470} INFO - Processing files using up to 1 processes at a time 
[2024-05-12T11:30:42.133+0000] {manager.py:471} INFO - Process each file at most once every 30 seconds
[2024-05-12T11:30:42.137+0000] {manager.py:472} INFO - Checking for new files in /opt/airflow/dags every 300 seconds
[2024-05-12T11:30:42.141+0000] {manager.py:737} INFO - Searching for files in /opt/airflow/dags
[2024-05-12T11:30:42.149+0000] {manager.py:740} INFO - There are 0 files in /opt/airflow/dags
[2024-05-12T11:35:43.290+0000] {manager.py:737} INFO - Searching for files in /opt/airflow/dags
[2024-05-12T11:35:43.360+0000] {manager.py:740} INFO - There are 0 files in /opt/airflow/dags
[2024-05-12T11:40:44.229+0000] {manager.py:737} INFO - Searching for files in /opt/airflow/dags
[2024-05-12T11:40:44.235+0000] {manager.py:740} INFO - There are 0 files in /opt/airflow/dags
[2024-05-12T11:45:44.279+0000] {manager.py:737} INFO - Searching for files in /opt/airflow/dags
[2024-05-12T11:45:44.525+0000] {manager.py:740} INFO - There are 0 files in /opt/airflow/dags
[2024-05-12T11:50:44.932+0000] {manager.py:737} INFO - Searching for files in /opt/airflow/dags
[2024-05-12T11:50:44.962+0000] {manager.py:740} INFO - There are 1 files in /opt/airflow/dags
[2024-05-12T11:50:58.884+0000] {manager.py:878} INFO - 
================================================================================
DAG File Processing Stats

File Path                         PID    Runtime      # DAGs    # Errors  Last Runtime    Last Run
--------------------------------  -----  ---------  --------  ----------  --------------  -------------------
/opt/airflow/dags/welcome_dag.py                           1           0  0.21s           2024-05-12T11:50:56
================================================================================
[2024-05-12T11:51:29.697+0000] {manager.py:878} INFO - 
================================================================================
DAG File Processing Stats

File Path                         PID    Runtime      # DAGs    # Errors  Last Runtime    Last Run
--------------------------------  -----  ---------  --------  ----------  --------------  -------------------
/opt/airflow/dags/welcome_dag.py                           1           0  1.59s           2024-05-12T11:51:29
================================================================================
[2024-05-12T11:52:02.767+0000] {manager.py:878} INFO - 
================================================================================
DAG File Processing Stats

File Path                         PID    Runtime      # DAGs    # Errors  Last Runtime    Last Run
--------------------------------  -----  ---------  --------  ----------  --------------  -------------------
/opt/airflow/dags/welcome_dag.py                           1           0  1.48s           2024-05-12T11:52:02
================================================================================
[2024-05-12T11:52:34.242+0000] {manager.py:878} INFO - 
================================================================================
DAG File Processing Stats

File Path                         PID    Runtime      # DAGs    # Errors  Last Runtime    Last Run
--------------------------------  -----  ---------  --------  ----------  --------------  -------------------
/opt/airflow/dags/welcome_dag.py                           1           0  0.72s           2024-05-12T11:52:34
================================================================================
[2024-05-12T11:53:07.284+0000] {manager.py:878} INFO - 
================================================================================
DAG File Processing Stats

File Path                         PID    Runtime      # DAGs    # Errors  Last Runtime    Last Run
--------------------------------  -----  ---------  --------  ----------  --------------  -------------------
/opt/airflow/dags/welcome_dag.py                           1           0  2.53s           2024-05-12T11:53:07
================================================================================
[2024-05-12T11:53:38.995+0000] {manager.py:878} INFO - 
================================================================================
DAG File Processing Stats

File Path                         PID    Runtime      # DAGs    # Errors  Last Runtime    Last Run
--------------------------------  -----  ---------  --------  ----------  --------------  -------------------
/opt/airflow/dags/welcome_dag.py                           1           0  0.93s           2024-05-12T11:53:38
================================================================================
[2024-05-12T11:54:22.676+0000] {manager.py:878} INFO - 
================================================================================
DAG File Processing Stats

File Path                         PID    Runtime      # DAGs    # Errors  Last Runtime    Last Run
--------------------------------  -----  ---------  --------  ----------  --------------  -------------------
/opt/airflow/dags/welcome_dag.py                           1           0  0.51s           2024-05-12T11:54:22
================================================================================
[2024-05-12T11:54:53.709+0000] {manager.py:878} INFO - 
================================================================================
DAG File Processing Stats

File Path                         PID    Runtime      # DAGs    # Errors  Last Runtime    Last Run
--------------------------------  -----  ---------  --------  ----------  --------------  -------------------
/opt/airflow/dags/welcome_dag.py                           1           0  0.31s           2024-05-12T11:54:53
================================================================================
[2024-05-12T11:55:27.225+0000] {manager.py:878} INFO - 
================================================================================
DAG File Processing Stats

File Path                         PID    Runtime      # DAGs    # Errors  Last Runtime    Last Run
--------------------------------  -----  ---------  --------  ----------  --------------  -------------------
/opt/airflow/dags/welcome_dag.py                           1           0  3.11s           2024-05-12T11:55:27
================================================================================
[2024-05-12T11:55:45.681+0000] {manager.py:737} INFO - Searching for files in /opt/airflow/dags
[2024-05-12T11:55:45.746+0000] {manager.py:740} INFO - There are 1 files in /opt/airflow/dags
[2024-05-12T11:55:58.553+0000] {manager.py:878} INFO - 
================================================================================
DAG File Processing Stats

File Path                         PID    Runtime      # DAGs    # Errors  Last Runtime    Last Run
--------------------------------  -----  ---------  --------  ----------  --------------  -------------------
/opt/airflow/dags/welcome_dag.py                           1           0  0.31s           2024-05-12T11:55:58
================================================================================
[2024-05-12T11:56:29.949+0000] {manager.py:878} INFO - 
================================================================================
DAG File Processing Stats

File Path                         PID    Runtime      # DAGs    # Errors  Last Runtime    Last Run
--------------------------------  -----  ---------  --------  ----------  --------------  -------------------
/opt/airflow/dags/welcome_dag.py                           1           0  0.41s           2024-05-12T11:56:29
================================================================================
[2024-05-12T11:57:03.374+0000] {manager.py:878} INFO - 
================================================================================
DAG File Processing Stats

File Path                         PID    Runtime      # DAGs    # Errors  Last Runtime    Last Run
--------------------------------  -----  ---------  --------  ----------  --------------  -------------------
/opt/airflow/dags/welcome_dag.py                           1           0  2.18s           2024-05-12T11:57:03
================================================================================
[2024-05-12T11:57:34.599+0000] {manager.py:878} INFO - 
================================================================================
DAG File Processing Stats

File Path                         PID    Runtime      # DAGs    # Errors  Last Runtime    Last Run
--------------------------------  -----  ---------  --------  ----------  --------------  -------------------
/opt/airflow/dags/welcome_dag.py                           1           0  0.92s           2024-05-12T11:57:34
================================================================================
[2024-05-12T11:58:05.283+0000] {manager.py:878} INFO - 
================================================================================
DAG File Processing Stats

File Path                         PID    Runtime      # DAGs    # Errors  Last Runtime    Last Run
--------------------------------  -----  ---------  --------  ----------  --------------  -------------------
/opt/airflow/dags/welcome_dag.py                           1           0  0.72s           2024-05-12T11:57:42
================================================================================
[2024-05-12T11:58:35.861+0000] {manager.py:878} INFO - 
================================================================================
DAG File Processing Stats

File Path                         PID    Runtime      # DAGs    # Errors  Last Runtime    Last Run
--------------------------------  -----  ---------  --------  ----------  --------------  -------------------
/opt/airflow/dags/welcome_dag.py                           1           0  0.41s           2024-05-12T11:58:13
================================================================================
[2024-05-12T11:59:06.210+0000] {manager.py:878} INFO - 
================================================================================
DAG File Processing Stats

File Path                         PID    Runtime      # DAGs    # Errors  Last Runtime    Last Run
--------------------------------  -----  ---------  --------  ----------  --------------  -------------------
/opt/airflow/dags/welcome_dag.py                           1           0  0.72s           2024-05-12T11:58:44
================================================================================
[2024-05-12T11:59:36.726+0000] {manager.py:878} INFO - 
================================================================================
DAG File Processing Stats

File Path                         PID    Runtime      # DAGs    # Errors  Last Runtime    Last Run
--------------------------------  -----  ---------  --------  ----------  --------------  -------------------
/opt/airflow/dags/welcome_dag.py                           1           0  5.10s           2024-05-12T11:59:20
================================================================================
[2024-05-12T12:00:06.916+0000] {manager.py:878} INFO - 
================================================================================
DAG File Processing Stats

File Path                         PID    Runtime      # DAGs    # Errors  Last Runtime    Last Run
--------------------------------  -----  ---------  --------  ----------  --------------  -------------------
/opt/airflow/dags/welcome_dag.py                           1           0  1.86s           2024-05-12T11:59:53
================================================================================
[2024-05-12T12:00:37.316+0000] {manager.py:878} INFO - 
================================================================================
DAG File Processing Stats

File Path                         PID    Runtime      # DAGs    # Errors  Last Runtime    Last Run
--------------------------------  -----  ---------  --------  ----------  --------------  -------------------
/opt/airflow/dags/welcome_dag.py                           1           0  0.42s           2024-05-12T12:00:24
================================================================================
[2024-05-12T12:00:46.715+0000] {manager.py:737} INFO - Searching for files in /opt/airflow/dags
[2024-05-12T12:00:46.767+0000] {manager.py:740} INFO - There are 1 files in /opt/airflow/dags
[2024-05-12T12:01:07.420+0000] {manager.py:878} INFO - 
================================================================================
DAG File Processing Stats

File Path                         PID    Runtime      # DAGs    # Errors  Last Runtime    Last Run
--------------------------------  -----  ---------  --------  ----------  --------------  -------------------
/opt/airflow/dags/welcome_dag.py                           1           0  0.31s           2024-05-12T12:00:55
================================================================================
[2024-05-12T12:01:37.973+0000] {manager.py:878} INFO - 
================================================================================
DAG File Processing Stats

File Path                         PID    Runtime      # DAGs    # Errors  Last Runtime    Last Run
--------------------------------  -----  ---------  --------  ----------  --------------  -------------------
/opt/airflow/dags/welcome_dag.py                           1           0  0.31s           2024-05-12T12:01:26
================================================================================
[2024-05-12T12:02:08.733+0000] {manager.py:878} INFO - 
================================================================================
DAG File Processing Stats

File Path                         PID    Runtime      # DAGs    # Errors  Last Runtime    Last Run
--------------------------------  -----  ---------  --------  ----------  --------------  -------------------
/opt/airflow/dags/welcome_dag.py                           1           0  0.60s           2024-05-12T12:01:56
================================================================================
[2024-05-12T12:02:39.120+0000] {manager.py:878} INFO - 
================================================================================
DAG File Processing Stats

File Path                         PID    Runtime      # DAGs    # Errors  Last Runtime    Last Run
--------------------------------  -----  ---------  --------  ----------  --------------  -------------------
/opt/airflow/dags/welcome_dag.py                           1           0  0.41s           2024-05-12T12:02:27
================================================================================
[2024-05-12T12:03:09.469+0000] {manager.py:878} INFO - 
================================================================================
DAG File Processing Stats

File Path                         PID    Runtime      # DAGs    # Errors  Last Runtime    Last Run
--------------------------------  -----  ---------  --------  ----------  --------------  -------------------
/opt/airflow/dags/welcome_dag.py                           1           0  1.03s           2024-05-12T12:02:58
================================================================================
[2024-05-12T12:03:39.634+0000] {manager.py:878} INFO - 
================================================================================
DAG File Processing Stats

File Path                         PID    Runtime      # DAGs    # Errors  Last Runtime    Last Run
--------------------------------  -----  ---------  --------  ----------  --------------  -------------------
/opt/airflow/dags/welcome_dag.py                           1           0  3.36s           2024-05-12T12:03:33
================================================================================
[2024-05-12T12:04:13.697+0000] {manager.py:878} INFO - 
================================================================================
DAG File Processing Stats

File Path                         PID    Runtime      # DAGs    # Errors  Last Runtime    Last Run
--------------------------------  -----  ---------  --------  ----------  --------------  -------------------
/opt/airflow/dags/welcome_dag.py                           1           0  5.64s           2024-05-12T12:04:13
================================================================================
[2024-05-12T12:04:49.196+0000] {manager.py:878} INFO - 
================================================================================
DAG File Processing Stats

File Path                         PID    Runtime      # DAGs    # Errors  Last Runtime    Last Run
--------------------------------  -----  ---------  --------  ----------  --------------  -------------------
/opt/airflow/dags/welcome_dag.py                           1           0  4.30s           2024-05-12T12:04:49
================================================================================
[2024-05-12T12:05:23.063+0000] {manager.py:878} INFO - 
================================================================================
DAG File Processing Stats

File Path                         PID    Runtime      # DAGs    # Errors  Last Runtime    Last Run
--------------------------------  -----  ---------  --------  ----------  --------------  -------------------
/opt/airflow/dags/welcome_dag.py                           1           0  3.23s           2024-05-12T12:05:23
================================================================================
[2024-05-12T12:05:47.582+0000] {manager.py:737} INFO - Searching for files in /opt/airflow/dags
[2024-05-12T12:05:47.983+0000] {manager.py:740} INFO - There are 1 files in /opt/airflow/dags
[2024-05-12T12:05:55.299+0000] {manager.py:878} INFO - 
================================================================================
DAG File Processing Stats

File Path                         PID    Runtime      # DAGs    # Errors  Last Runtime    Last Run
--------------------------------  -----  ---------  --------  ----------  --------------  -------------------
/opt/airflow/dags/welcome_dag.py                           1           0  1.67s           2024-05-12T12:05:55
================================================================================
[2024-05-12T12:06:26.175+0000] {manager.py:878} INFO - 
================================================================================
DAG File Processing Stats

File Path                         PID    Runtime      # DAGs    # Errors  Last Runtime    Last Run
--------------------------------  -----  ---------  --------  ----------  --------------  -------------------
/opt/airflow/dags/welcome_dag.py                           1           0  0.53s           2024-05-12T12:06:26
================================================================================
