[2024-05-12T11:50:45.749+0000] {processor.py:161} INFO - Started process (PID=71) to work on /opt/airflow/dags/welcome_dag.py
[2024-05-12T11:50:45.759+0000] {processor.py:830} INFO - Processing file /opt/airflow/dags/welcome_dag.py for tasks to queue
[2024-05-12T11:50:45.823+0000] {logging_mixin.py:188} INFO - [2024-05-12T11:50:45.811+0000] {dagbag.py:545} INFO - Filling up the DagBag from /opt/airflow/dags/welcome_dag.py
[2024-05-12T11:50:46.074+0000] {processor.py:840} INFO - DAG(s) 'welcome_dag' retrieved from /opt/airflow/dags/welcome_dag.py
[2024-05-12T11:50:46.948+0000] {logging_mixin.py:188} INFO - [2024-05-12T11:50:46.946+0000] {override.py:1829} INFO - Created Permission View: can read on DAG:welcome_dag
[2024-05-12T11:50:46.988+0000] {logging_mixin.py:188} INFO - [2024-05-12T11:50:46.988+0000] {override.py:1829} INFO - Created Permission View: can edit on DAG:welcome_dag
[2024-05-12T11:50:47.019+0000] {logging_mixin.py:188} INFO - [2024-05-12T11:50:47.019+0000] {override.py:1829} INFO - Created Permission View: can delete on DAG:welcome_dag
[2024-05-12T11:50:47.021+0000] {logging_mixin.py:188} INFO - [2024-05-12T11:50:47.020+0000] {dag.py:3096} INFO - Sync 1 DAGs
[2024-05-12T11:50:47.071+0000] {logging_mixin.py:188} INFO - [2024-05-12T11:50:47.070+0000] {dag.py:3118} INFO - Creating ORM DAG for welcome_dag
[2024-05-12T11:50:47.116+0000] {logging_mixin.py:188} INFO - [2024-05-12T11:50:47.116+0000] {dag.py:3954} INFO - Setting next_dagrun for welcome_dag to 2024-05-11 23:00:00+00:00, run_after=2024-05-12 23:00:00+00:00
[2024-05-12T11:50:47.188+0000] {processor.py:183} INFO - Processing /opt/airflow/dags/welcome_dag.py took 1.543 seconds
[2024-05-12T11:50:56.419+0000] {processor.py:161} INFO - Started process (PID=72) to work on /opt/airflow/dags/welcome_dag.py
[2024-05-12T11:50:56.421+0000] {processor.py:830} INFO - Processing file /opt/airflow/dags/welcome_dag.py for tasks to queue
[2024-05-12T11:50:56.423+0000] {logging_mixin.py:188} INFO - [2024-05-12T11:50:56.423+0000] {dagbag.py:545} INFO - Filling up the DagBag from /opt/airflow/dags/welcome_dag.py
[2024-05-12T11:50:56.465+0000] {processor.py:840} INFO - DAG(s) 'welcome_dag' retrieved from /opt/airflow/dags/welcome_dag.py
[2024-05-12T11:50:56.482+0000] {logging_mixin.py:188} INFO - [2024-05-12T11:50:56.482+0000] {dag.py:3096} INFO - Sync 1 DAGs
[2024-05-12T11:50:56.523+0000] {logging_mixin.py:188} INFO - [2024-05-12T11:50:56.523+0000] {dag.py:3954} INFO - Setting next_dagrun for welcome_dag to 2024-05-11 23:00:00+00:00, run_after=2024-05-12 23:00:00+00:00
[2024-05-12T11:50:56.593+0000] {processor.py:183} INFO - Processing /opt/airflow/dags/welcome_dag.py took 0.181 seconds
[2024-05-12T11:51:28.287+0000] {processor.py:161} INFO - Started process (PID=73) to work on /opt/airflow/dags/welcome_dag.py
[2024-05-12T11:51:28.293+0000] {processor.py:830} INFO - Processing file /opt/airflow/dags/welcome_dag.py for tasks to queue
[2024-05-12T11:51:28.309+0000] {logging_mixin.py:188} INFO - [2024-05-12T11:51:28.304+0000] {dagbag.py:545} INFO - Filling up the DagBag from /opt/airflow/dags/welcome_dag.py
[2024-05-12T11:51:28.449+0000] {processor.py:840} INFO - DAG(s) 'welcome_dag' retrieved from /opt/airflow/dags/welcome_dag.py
[2024-05-12T11:51:28.679+0000] {logging_mixin.py:188} INFO - [2024-05-12T11:51:28.679+0000] {dag.py:3096} INFO - Sync 1 DAGs
[2024-05-12T11:51:28.906+0000] {logging_mixin.py:188} INFO - [2024-05-12T11:51:28.904+0000] {dag.py:3954} INFO - Setting next_dagrun for welcome_dag to 2024-05-11 23:00:00+00:00, run_after=2024-05-12 23:00:00+00:00
[2024-05-12T11:51:29.606+0000] {processor.py:183} INFO - Processing /opt/airflow/dags/welcome_dag.py took 1.358 seconds
[2024-05-12T11:52:01.591+0000] {processor.py:161} INFO - Started process (PID=74) to work on /opt/airflow/dags/welcome_dag.py
[2024-05-12T11:52:01.634+0000] {processor.py:830} INFO - Processing file /opt/airflow/dags/welcome_dag.py for tasks to queue
[2024-05-12T11:52:01.880+0000] {logging_mixin.py:188} INFO - [2024-05-12T11:52:01.876+0000] {dagbag.py:545} INFO - Filling up the DagBag from /opt/airflow/dags/welcome_dag.py
[2024-05-12T11:52:02.055+0000] {processor.py:840} INFO - DAG(s) 'welcome_dag' retrieved from /opt/airflow/dags/welcome_dag.py
[2024-05-12T11:52:02.331+0000] {logging_mixin.py:188} INFO - [2024-05-12T11:52:02.330+0000] {dag.py:3096} INFO - Sync 1 DAGs
[2024-05-12T11:52:02.468+0000] {logging_mixin.py:188} INFO - [2024-05-12T11:52:02.467+0000] {dag.py:3954} INFO - Setting next_dagrun for welcome_dag to 2024-05-11 23:00:00+00:00, run_after=2024-05-12 23:00:00+00:00
[2024-05-12T11:52:02.737+0000] {processor.py:183} INFO - Processing /opt/airflow/dags/welcome_dag.py took 1.191 seconds
[2024-05-12T11:52:33.639+0000] {processor.py:161} INFO - Started process (PID=75) to work on /opt/airflow/dags/welcome_dag.py
[2024-05-12T11:52:33.644+0000] {processor.py:830} INFO - Processing file /opt/airflow/dags/welcome_dag.py for tasks to queue
[2024-05-12T11:52:33.654+0000] {logging_mixin.py:188} INFO - [2024-05-12T11:52:33.652+0000] {dagbag.py:545} INFO - Filling up the DagBag from /opt/airflow/dags/welcome_dag.py
[2024-05-12T11:52:33.752+0000] {processor.py:840} INFO - DAG(s) 'welcome_dag' retrieved from /opt/airflow/dags/welcome_dag.py
[2024-05-12T11:52:33.883+0000] {logging_mixin.py:188} INFO - [2024-05-12T11:52:33.883+0000] {dag.py:3096} INFO - Sync 1 DAGs
[2024-05-12T11:52:33.966+0000] {logging_mixin.py:188} INFO - [2024-05-12T11:52:33.964+0000] {dag.py:3954} INFO - Setting next_dagrun for welcome_dag to 2024-05-11 23:00:00+00:00, run_after=2024-05-12 23:00:00+00:00
[2024-05-12T11:52:34.221+0000] {processor.py:183} INFO - Processing /opt/airflow/dags/welcome_dag.py took 0.632 seconds
[2024-05-12T11:53:05.192+0000] {processor.py:161} INFO - Started process (PID=76) to work on /opt/airflow/dags/welcome_dag.py
[2024-05-12T11:53:05.270+0000] {processor.py:830} INFO - Processing file /opt/airflow/dags/welcome_dag.py for tasks to queue
[2024-05-12T11:53:05.355+0000] {logging_mixin.py:188} INFO - [2024-05-12T11:53:05.343+0000] {dagbag.py:545} INFO - Filling up the DagBag from /opt/airflow/dags/welcome_dag.py
[2024-05-12T11:53:05.693+0000] {processor.py:840} INFO - DAG(s) 'welcome_dag' retrieved from /opt/airflow/dags/welcome_dag.py
[2024-05-12T11:53:06.356+0000] {logging_mixin.py:188} INFO - [2024-05-12T11:53:06.354+0000] {dag.py:3096} INFO - Sync 1 DAGs
[2024-05-12T11:53:06.819+0000] {logging_mixin.py:188} INFO - [2024-05-12T11:53:06.816+0000] {dag.py:3954} INFO - Setting next_dagrun for welcome_dag to 2024-05-11 23:00:00+00:00, run_after=2024-05-12 23:00:00+00:00
[2024-05-12T11:53:07.264+0000] {processor.py:183} INFO - Processing /opt/airflow/dags/welcome_dag.py took 2.277 seconds
[2024-05-12T11:53:38.179+0000] {processor.py:161} INFO - Started process (PID=77) to work on /opt/airflow/dags/welcome_dag.py
[2024-05-12T11:53:38.185+0000] {processor.py:830} INFO - Processing file /opt/airflow/dags/welcome_dag.py for tasks to queue
[2024-05-12T11:53:38.191+0000] {logging_mixin.py:188} INFO - [2024-05-12T11:53:38.189+0000] {dagbag.py:545} INFO - Filling up the DagBag from /opt/airflow/dags/welcome_dag.py
[2024-05-12T11:53:38.266+0000] {processor.py:840} INFO - DAG(s) 'welcome_dag' retrieved from /opt/airflow/dags/welcome_dag.py
[2024-05-12T11:53:38.570+0000] {logging_mixin.py:188} INFO - [2024-05-12T11:53:38.569+0000] {dag.py:3096} INFO - Sync 1 DAGs
[2024-05-12T11:53:38.751+0000] {logging_mixin.py:188} INFO - [2024-05-12T11:53:38.749+0000] {dag.py:3954} INFO - Setting next_dagrun for welcome_dag to 2024-05-11 23:00:00+00:00, run_after=2024-05-12 23:00:00+00:00
[2024-05-12T11:53:38.918+0000] {processor.py:183} INFO - Processing /opt/airflow/dags/welcome_dag.py took 0.766 seconds
[2024-05-12T11:54:22.218+0000] {processor.py:161} INFO - Started process (PID=87) to work on /opt/airflow/dags/welcome_dag.py
[2024-05-12T11:54:22.220+0000] {processor.py:830} INFO - Processing file /opt/airflow/dags/welcome_dag.py for tasks to queue
[2024-05-12T11:54:22.228+0000] {logging_mixin.py:188} INFO - [2024-05-12T11:54:22.224+0000] {dagbag.py:545} INFO - Filling up the DagBag from /opt/airflow/dags/welcome_dag.py
[2024-05-12T11:54:22.317+0000] {processor.py:840} INFO - DAG(s) 'welcome_dag' retrieved from /opt/airflow/dags/welcome_dag.py
[2024-05-12T11:54:22.395+0000] {logging_mixin.py:188} INFO - [2024-05-12T11:54:22.394+0000] {dag.py:3096} INFO - Sync 1 DAGs
[2024-05-12T11:54:22.464+0000] {logging_mixin.py:188} INFO - [2024-05-12T11:54:22.464+0000] {dag.py:3954} INFO - Setting next_dagrun for welcome_dag to 2024-05-11 23:00:00+00:00, run_after=2024-05-12 23:00:00+00:00
[2024-05-12T11:54:22.599+0000] {processor.py:183} INFO - Processing /opt/airflow/dags/welcome_dag.py took 0.392 seconds
[2024-05-12T11:54:53.434+0000] {processor.py:161} INFO - Started process (PID=106) to work on /opt/airflow/dags/welcome_dag.py
[2024-05-12T11:54:53.436+0000] {processor.py:830} INFO - Processing file /opt/airflow/dags/welcome_dag.py for tasks to queue
[2024-05-12T11:54:53.440+0000] {logging_mixin.py:188} INFO - [2024-05-12T11:54:53.439+0000] {dagbag.py:545} INFO - Filling up the DagBag from /opt/airflow/dags/welcome_dag.py
[2024-05-12T11:54:53.475+0000] {processor.py:840} INFO - DAG(s) 'welcome_dag' retrieved from /opt/airflow/dags/welcome_dag.py
[2024-05-12T11:54:53.528+0000] {logging_mixin.py:188} INFO - [2024-05-12T11:54:53.528+0000] {dag.py:3096} INFO - Sync 1 DAGs
[2024-05-12T11:54:53.576+0000] {logging_mixin.py:188} INFO - [2024-05-12T11:54:53.575+0000] {dag.py:3954} INFO - Setting next_dagrun for welcome_dag to 2024-05-11 23:00:00+00:00, run_after=2024-05-12 23:00:00+00:00
[2024-05-12T11:54:53.699+0000] {processor.py:183} INFO - Processing /opt/airflow/dags/welcome_dag.py took 0.276 seconds
[2024-05-12T11:55:24.325+0000] {processor.py:161} INFO - Started process (PID=107) to work on /opt/airflow/dags/welcome_dag.py
[2024-05-12T11:55:24.332+0000] {processor.py:830} INFO - Processing file /opt/airflow/dags/welcome_dag.py for tasks to queue
[2024-05-12T11:55:24.349+0000] {logging_mixin.py:188} INFO - [2024-05-12T11:55:24.347+0000] {dagbag.py:545} INFO - Filling up the DagBag from /opt/airflow/dags/welcome_dag.py
[2024-05-12T11:55:24.664+0000] {processor.py:840} INFO - DAG(s) 'welcome_dag' retrieved from /opt/airflow/dags/welcome_dag.py
[2024-05-12T11:55:25.078+0000] {logging_mixin.py:188} INFO - [2024-05-12T11:55:25.075+0000] {dag.py:3096} INFO - Sync 1 DAGs
[2024-05-12T11:55:25.552+0000] {logging_mixin.py:188} INFO - [2024-05-12T11:55:25.549+0000] {dag.py:3954} INFO - Setting next_dagrun for welcome_dag to 2024-05-11 23:00:00+00:00, run_after=2024-05-12 23:00:00+00:00
[2024-05-12T11:55:27.152+0000] {processor.py:183} INFO - Processing /opt/airflow/dags/welcome_dag.py took 2.902 seconds
[2024-05-12T11:55:58.278+0000] {processor.py:161} INFO - Started process (PID=108) to work on /opt/airflow/dags/welcome_dag.py
[2024-05-12T11:55:58.280+0000] {processor.py:830} INFO - Processing file /opt/airflow/dags/welcome_dag.py for tasks to queue
[2024-05-12T11:55:58.283+0000] {logging_mixin.py:188} INFO - [2024-05-12T11:55:58.282+0000] {dagbag.py:545} INFO - Filling up the DagBag from /opt/airflow/dags/welcome_dag.py
[2024-05-12T11:55:58.332+0000] {processor.py:840} INFO - DAG(s) 'welcome_dag' retrieved from /opt/airflow/dags/welcome_dag.py
[2024-05-12T11:55:58.399+0000] {logging_mixin.py:188} INFO - [2024-05-12T11:55:58.399+0000] {dag.py:3096} INFO - Sync 1 DAGs
[2024-05-12T11:55:58.455+0000] {logging_mixin.py:188} INFO - [2024-05-12T11:55:58.455+0000] {dag.py:3954} INFO - Setting next_dagrun for welcome_dag to 2024-05-11 23:00:00+00:00, run_after=2024-05-12 23:00:00+00:00
[2024-05-12T11:55:58.533+0000] {processor.py:183} INFO - Processing /opt/airflow/dags/welcome_dag.py took 0.265 seconds
[2024-05-12T11:56:29.597+0000] {processor.py:161} INFO - Started process (PID=109) to work on /opt/airflow/dags/welcome_dag.py
[2024-05-12T11:56:29.600+0000] {processor.py:830} INFO - Processing file /opt/airflow/dags/welcome_dag.py for tasks to queue
[2024-05-12T11:56:29.608+0000] {logging_mixin.py:188} INFO - [2024-05-12T11:56:29.607+0000] {dagbag.py:545} INFO - Filling up the DagBag from /opt/airflow/dags/welcome_dag.py
[2024-05-12T11:56:29.672+0000] {processor.py:840} INFO - DAG(s) 'welcome_dag' retrieved from /opt/airflow/dags/welcome_dag.py
[2024-05-12T11:56:29.730+0000] {logging_mixin.py:188} INFO - [2024-05-12T11:56:29.730+0000] {dag.py:3096} INFO - Sync 1 DAGs
[2024-05-12T11:56:29.779+0000] {logging_mixin.py:188} INFO - [2024-05-12T11:56:29.778+0000] {dag.py:3954} INFO - Setting next_dagrun for welcome_dag to 2024-05-11 23:00:00+00:00, run_after=2024-05-12 23:00:00+00:00
[2024-05-12T11:56:29.889+0000] {processor.py:183} INFO - Processing /opt/airflow/dags/welcome_dag.py took 0.310 seconds
[2024-05-12T11:57:01.334+0000] {processor.py:161} INFO - Started process (PID=110) to work on /opt/airflow/dags/welcome_dag.py
[2024-05-12T11:57:01.347+0000] {processor.py:830} INFO - Processing file /opt/airflow/dags/welcome_dag.py for tasks to queue
[2024-05-12T11:57:01.372+0000] {logging_mixin.py:188} INFO - [2024-05-12T11:57:01.369+0000] {dagbag.py:545} INFO - Filling up the DagBag from /opt/airflow/dags/welcome_dag.py
[2024-05-12T11:57:01.645+0000] {processor.py:840} INFO - DAG(s) 'welcome_dag' retrieved from /opt/airflow/dags/welcome_dag.py
[2024-05-12T11:57:01.934+0000] {logging_mixin.py:188} INFO - [2024-05-12T11:57:01.931+0000] {dag.py:3096} INFO - Sync 1 DAGs
[2024-05-12T11:57:02.349+0000] {logging_mixin.py:188} INFO - [2024-05-12T11:57:02.346+0000] {dag.py:3954} INFO - Setting next_dagrun for welcome_dag to 2024-05-11 23:00:00+00:00, run_after=2024-05-12 23:00:00+00:00
[2024-05-12T11:57:03.282+0000] {processor.py:183} INFO - Processing /opt/airflow/dags/welcome_dag.py took 1.982 seconds
[2024-05-12T11:57:33.802+0000] {processor.py:161} INFO - Started process (PID=111) to work on /opt/airflow/dags/welcome_dag.py
[2024-05-12T11:57:33.807+0000] {processor.py:830} INFO - Processing file /opt/airflow/dags/welcome_dag.py for tasks to queue
[2024-05-12T11:57:33.821+0000] {logging_mixin.py:188} INFO - [2024-05-12T11:57:33.819+0000] {dagbag.py:545} INFO - Filling up the DagBag from /opt/airflow/dags/welcome_dag.py
[2024-05-12T11:57:33.918+0000] {processor.py:840} INFO - DAG(s) 'welcome_dag' retrieved from /opt/airflow/dags/welcome_dag.py
[2024-05-12T11:57:34.058+0000] {logging_mixin.py:188} INFO - [2024-05-12T11:57:34.057+0000] {dag.py:3096} INFO - Sync 1 DAGs
[2024-05-12T11:57:34.205+0000] {logging_mixin.py:188} INFO - [2024-05-12T11:57:34.202+0000] {dag.py:3954} INFO - Setting next_dagrun for welcome_dag to 2024-05-11 23:00:00+00:00, run_after=2024-05-12 23:00:00+00:00
[2024-05-12T11:57:34.528+0000] {processor.py:183} INFO - Processing /opt/airflow/dags/welcome_dag.py took 0.777 seconds
[2024-05-12T11:57:41.772+0000] {processor.py:161} INFO - Started process (PID=112) to work on /opt/airflow/dags/welcome_dag.py
[2024-05-12T11:57:41.774+0000] {processor.py:830} INFO - Processing file /opt/airflow/dags/welcome_dag.py for tasks to queue
[2024-05-12T11:57:41.791+0000] {logging_mixin.py:188} INFO - [2024-05-12T11:57:41.790+0000] {dagbag.py:545} INFO - Filling up the DagBag from /opt/airflow/dags/welcome_dag.py
[2024-05-12T11:57:41.918+0000] {processor.py:840} INFO - DAG(s) 'welcome_dag' retrieved from /opt/airflow/dags/welcome_dag.py
[2024-05-12T11:57:42.059+0000] {logging_mixin.py:188} INFO - [2024-05-12T11:57:42.058+0000] {dag.py:3096} INFO - Sync 1 DAGs
[2024-05-12T11:57:42.173+0000] {logging_mixin.py:188} INFO - [2024-05-12T11:57:42.167+0000] {dag.py:3954} INFO - Setting next_dagrun for welcome_dag to 2024-05-11 23:00:00+00:00, run_after=2024-05-12 23:00:00+00:00
[2024-05-12T11:57:42.364+0000] {processor.py:183} INFO - Processing /opt/airflow/dags/welcome_dag.py took 0.623 seconds
[2024-05-12T11:58:12.957+0000] {processor.py:161} INFO - Started process (PID=113) to work on /opt/airflow/dags/welcome_dag.py
[2024-05-12T11:58:12.959+0000] {processor.py:830} INFO - Processing file /opt/airflow/dags/welcome_dag.py for tasks to queue
[2024-05-12T11:58:12.964+0000] {logging_mixin.py:188} INFO - [2024-05-12T11:58:12.963+0000] {dagbag.py:545} INFO - Filling up the DagBag from /opt/airflow/dags/welcome_dag.py
[2024-05-12T11:58:13.018+0000] {processor.py:840} INFO - DAG(s) 'welcome_dag' retrieved from /opt/airflow/dags/welcome_dag.py
[2024-05-12T11:58:13.070+0000] {logging_mixin.py:188} INFO - [2024-05-12T11:58:13.070+0000] {dag.py:3096} INFO - Sync 1 DAGs
[2024-05-12T11:58:13.140+0000] {logging_mixin.py:188} INFO - [2024-05-12T11:58:13.139+0000] {dag.py:3954} INFO - Setting next_dagrun for welcome_dag to 2024-05-11 23:00:00+00:00, run_after=2024-05-12 23:00:00+00:00
[2024-05-12T11:58:13.254+0000] {processor.py:183} INFO - Processing /opt/airflow/dags/welcome_dag.py took 0.310 seconds
[2024-05-12T11:58:44.292+0000] {processor.py:161} INFO - Started process (PID=114) to work on /opt/airflow/dags/welcome_dag.py
[2024-05-12T11:58:44.298+0000] {processor.py:830} INFO - Processing file /opt/airflow/dags/welcome_dag.py for tasks to queue
[2024-05-12T11:58:44.311+0000] {logging_mixin.py:188} INFO - [2024-05-12T11:58:44.309+0000] {dagbag.py:545} INFO - Filling up the DagBag from /opt/airflow/dags/welcome_dag.py
[2024-05-12T11:58:44.413+0000] {processor.py:840} INFO - DAG(s) 'welcome_dag' retrieved from /opt/airflow/dags/welcome_dag.py
[2024-05-12T11:58:44.552+0000] {logging_mixin.py:188} INFO - [2024-05-12T11:58:44.551+0000] {dag.py:3096} INFO - Sync 1 DAGs
[2024-05-12T11:58:44.647+0000] {logging_mixin.py:188} INFO - [2024-05-12T11:58:44.647+0000] {dag.py:3954} INFO - Setting next_dagrun for welcome_dag to 2024-05-11 23:00:00+00:00, run_after=2024-05-12 23:00:00+00:00
[2024-05-12T11:58:44.851+0000] {processor.py:183} INFO - Processing /opt/airflow/dags/welcome_dag.py took 0.592 seconds
[2024-05-12T11:59:16.034+0000] {processor.py:161} INFO - Started process (PID=115) to work on /opt/airflow/dags/welcome_dag.py
[2024-05-12T11:59:16.075+0000] {processor.py:830} INFO - Processing file /opt/airflow/dags/welcome_dag.py for tasks to queue
[2024-05-12T11:59:16.172+0000] {logging_mixin.py:188} INFO - [2024-05-12T11:59:16.157+0000] {dagbag.py:545} INFO - Filling up the DagBag from /opt/airflow/dags/welcome_dag.py
[2024-05-12T11:59:16.833+0000] {processor.py:840} INFO - DAG(s) 'welcome_dag' retrieved from /opt/airflow/dags/welcome_dag.py
[2024-05-12T11:59:18.051+0000] {logging_mixin.py:188} INFO - [2024-05-12T11:59:18.041+0000] {dag.py:3096} INFO - Sync 1 DAGs
[2024-05-12T11:59:19.007+0000] {logging_mixin.py:188} INFO - [2024-05-12T11:59:18.996+0000] {dag.py:3954} INFO - Setting next_dagrun for welcome_dag to 2024-05-11 23:00:00+00:00, run_after=2024-05-12 23:00:00+00:00
[2024-05-12T11:59:20.468+0000] {processor.py:183} INFO - Processing /opt/airflow/dags/welcome_dag.py took 4.753 seconds
[2024-05-12T11:59:51.779+0000] {processor.py:161} INFO - Started process (PID=116) to work on /opt/airflow/dags/welcome_dag.py
[2024-05-12T11:59:51.808+0000] {processor.py:830} INFO - Processing file /opt/airflow/dags/welcome_dag.py for tasks to queue
[2024-05-12T11:59:51.837+0000] {logging_mixin.py:188} INFO - [2024-05-12T11:59:51.828+0000] {dagbag.py:545} INFO - Filling up the DagBag from /opt/airflow/dags/welcome_dag.py
[2024-05-12T11:59:52.070+0000] {processor.py:840} INFO - DAG(s) 'welcome_dag' retrieved from /opt/airflow/dags/welcome_dag.py
[2024-05-12T11:59:52.448+0000] {logging_mixin.py:188} INFO - [2024-05-12T11:59:52.447+0000] {dag.py:3096} INFO - Sync 1 DAGs
[2024-05-12T11:59:52.791+0000] {logging_mixin.py:188} INFO - [2024-05-12T11:59:52.789+0000] {dag.py:3954} INFO - Setting next_dagrun for welcome_dag to 2024-05-11 23:00:00+00:00, run_after=2024-05-12 23:00:00+00:00
[2024-05-12T11:59:53.379+0000] {processor.py:183} INFO - Processing /opt/airflow/dags/welcome_dag.py took 1.653 seconds
[2024-05-12T12:00:24.344+0000] {processor.py:161} INFO - Started process (PID=117) to work on /opt/airflow/dags/welcome_dag.py
[2024-05-12T12:00:24.347+0000] {processor.py:830} INFO - Processing file /opt/airflow/dags/welcome_dag.py for tasks to queue
[2024-05-12T12:00:24.352+0000] {logging_mixin.py:188} INFO - [2024-05-12T12:00:24.351+0000] {dagbag.py:545} INFO - Filling up the DagBag from /opt/airflow/dags/welcome_dag.py
[2024-05-12T12:00:24.400+0000] {processor.py:840} INFO - DAG(s) 'welcome_dag' retrieved from /opt/airflow/dags/welcome_dag.py
[2024-05-12T12:00:24.462+0000] {logging_mixin.py:188} INFO - [2024-05-12T12:00:24.462+0000] {dag.py:3096} INFO - Sync 1 DAGs
[2024-05-12T12:00:24.517+0000] {logging_mixin.py:188} INFO - [2024-05-12T12:00:24.517+0000] {dag.py:3954} INFO - Setting next_dagrun for welcome_dag to 2024-05-11 23:00:00+00:00, run_after=2024-05-12 23:00:00+00:00
[2024-05-12T12:00:24.627+0000] {processor.py:183} INFO - Processing /opt/airflow/dags/welcome_dag.py took 0.319 seconds
[2024-05-12T12:00:55.173+0000] {processor.py:161} INFO - Started process (PID=118) to work on /opt/airflow/dags/welcome_dag.py
[2024-05-12T12:00:55.175+0000] {processor.py:830} INFO - Processing file /opt/airflow/dags/welcome_dag.py for tasks to queue
[2024-05-12T12:00:55.178+0000] {logging_mixin.py:188} INFO - [2024-05-12T12:00:55.178+0000] {dagbag.py:545} INFO - Filling up the DagBag from /opt/airflow/dags/welcome_dag.py
[2024-05-12T12:00:55.220+0000] {processor.py:840} INFO - DAG(s) 'welcome_dag' retrieved from /opt/airflow/dags/welcome_dag.py
[2024-05-12T12:00:55.269+0000] {logging_mixin.py:188} INFO - [2024-05-12T12:00:55.268+0000] {dag.py:3096} INFO - Sync 1 DAGs
[2024-05-12T12:00:55.316+0000] {logging_mixin.py:188} INFO - [2024-05-12T12:00:55.316+0000] {dag.py:3954} INFO - Setting next_dagrun for welcome_dag to 2024-05-11 23:00:00+00:00, run_after=2024-05-12 23:00:00+00:00
[2024-05-12T12:00:55.392+0000] {processor.py:183} INFO - Processing /opt/airflow/dags/welcome_dag.py took 0.231 seconds
[2024-05-12T12:01:25.785+0000] {processor.py:161} INFO - Started process (PID=119) to work on /opt/airflow/dags/welcome_dag.py
[2024-05-12T12:01:25.787+0000] {processor.py:830} INFO - Processing file /opt/airflow/dags/welcome_dag.py for tasks to queue
[2024-05-12T12:01:25.791+0000] {logging_mixin.py:188} INFO - [2024-05-12T12:01:25.790+0000] {dagbag.py:545} INFO - Filling up the DagBag from /opt/airflow/dags/welcome_dag.py
[2024-05-12T12:01:25.830+0000] {processor.py:840} INFO - DAG(s) 'welcome_dag' retrieved from /opt/airflow/dags/welcome_dag.py
[2024-05-12T12:01:25.886+0000] {logging_mixin.py:188} INFO - [2024-05-12T12:01:25.885+0000] {dag.py:3096} INFO - Sync 1 DAGs
[2024-05-12T12:01:25.947+0000] {logging_mixin.py:188} INFO - [2024-05-12T12:01:25.947+0000] {dag.py:3954} INFO - Setting next_dagrun for welcome_dag to 2024-05-11 23:00:00+00:00, run_after=2024-05-12 23:00:00+00:00
[2024-05-12T12:01:26.037+0000] {processor.py:183} INFO - Processing /opt/airflow/dags/welcome_dag.py took 0.262 seconds
[2024-05-12T12:01:56.481+0000] {processor.py:161} INFO - Started process (PID=120) to work on /opt/airflow/dags/welcome_dag.py
[2024-05-12T12:01:56.484+0000] {processor.py:830} INFO - Processing file /opt/airflow/dags/welcome_dag.py for tasks to queue
[2024-05-12T12:01:56.488+0000] {logging_mixin.py:188} INFO - [2024-05-12T12:01:56.487+0000] {dagbag.py:545} INFO - Filling up the DagBag from /opt/airflow/dags/welcome_dag.py
[2024-05-12T12:01:56.544+0000] {processor.py:840} INFO - DAG(s) 'welcome_dag' retrieved from /opt/airflow/dags/welcome_dag.py
[2024-05-12T12:01:56.611+0000] {logging_mixin.py:188} INFO - [2024-05-12T12:01:56.610+0000] {dag.py:3096} INFO - Sync 1 DAGs
[2024-05-12T12:01:56.703+0000] {logging_mixin.py:188} INFO - [2024-05-12T12:01:56.702+0000] {dag.py:3954} INFO - Setting next_dagrun for welcome_dag to 2024-05-11 23:00:00+00:00, run_after=2024-05-12 23:00:00+00:00
[2024-05-12T12:01:56.853+0000] {processor.py:183} INFO - Processing /opt/airflow/dags/welcome_dag.py took 0.386 seconds
[2024-05-12T12:02:27.265+0000] {processor.py:161} INFO - Started process (PID=121) to work on /opt/airflow/dags/welcome_dag.py
[2024-05-12T12:02:27.267+0000] {processor.py:830} INFO - Processing file /opt/airflow/dags/welcome_dag.py for tasks to queue
[2024-05-12T12:02:27.271+0000] {logging_mixin.py:188} INFO - [2024-05-12T12:02:27.270+0000] {dagbag.py:545} INFO - Filling up the DagBag from /opt/airflow/dags/welcome_dag.py
[2024-05-12T12:02:27.329+0000] {processor.py:840} INFO - DAG(s) 'welcome_dag' retrieved from /opt/airflow/dags/welcome_dag.py
[2024-05-12T12:02:27.399+0000] {logging_mixin.py:188} INFO - [2024-05-12T12:02:27.398+0000] {dag.py:3096} INFO - Sync 1 DAGs
[2024-05-12T12:02:27.452+0000] {logging_mixin.py:188} INFO - [2024-05-12T12:02:27.452+0000] {dag.py:3954} INFO - Setting next_dagrun for welcome_dag to 2024-05-11 23:00:00+00:00, run_after=2024-05-12 23:00:00+00:00
[2024-05-12T12:02:27.557+0000] {processor.py:183} INFO - Processing /opt/airflow/dags/welcome_dag.py took 0.299 seconds
[2024-05-12T12:02:58.077+0000] {processor.py:161} INFO - Started process (PID=122) to work on /opt/airflow/dags/welcome_dag.py
[2024-05-12T12:02:58.088+0000] {processor.py:830} INFO - Processing file /opt/airflow/dags/welcome_dag.py for tasks to queue
[2024-05-12T12:02:58.109+0000] {logging_mixin.py:188} INFO - [2024-05-12T12:02:58.107+0000] {dagbag.py:545} INFO - Filling up the DagBag from /opt/airflow/dags/welcome_dag.py
[2024-05-12T12:02:58.287+0000] {processor.py:840} INFO - DAG(s) 'welcome_dag' retrieved from /opt/airflow/dags/welcome_dag.py
[2024-05-12T12:02:58.521+0000] {logging_mixin.py:188} INFO - [2024-05-12T12:02:58.521+0000] {dag.py:3096} INFO - Sync 1 DAGs
[2024-05-12T12:02:58.642+0000] {logging_mixin.py:188} INFO - [2024-05-12T12:02:58.640+0000] {dag.py:3954} INFO - Setting next_dagrun for welcome_dag to 2024-05-11 23:00:00+00:00, run_after=2024-05-12 23:00:00+00:00
[2024-05-12T12:02:58.920+0000] {processor.py:183} INFO - Processing /opt/airflow/dags/welcome_dag.py took 0.884 seconds
[2024-05-12T12:03:30.018+0000] {processor.py:161} INFO - Started process (PID=123) to work on /opt/airflow/dags/welcome_dag.py
[2024-05-12T12:03:30.027+0000] {processor.py:830} INFO - Processing file /opt/airflow/dags/welcome_dag.py for tasks to queue
[2024-05-12T12:03:30.054+0000] {logging_mixin.py:188} INFO - [2024-05-12T12:03:30.052+0000] {dagbag.py:545} INFO - Filling up the DagBag from /opt/airflow/dags/welcome_dag.py
[2024-05-12T12:03:30.349+0000] {processor.py:840} INFO - DAG(s) 'welcome_dag' retrieved from /opt/airflow/dags/welcome_dag.py
[2024-05-12T12:03:30.718+0000] {logging_mixin.py:188} INFO - [2024-05-12T12:03:30.716+0000] {dag.py:3096} INFO - Sync 1 DAGs
[2024-05-12T12:03:31.255+0000] {logging_mixin.py:188} INFO - [2024-05-12T12:03:31.250+0000] {dag.py:3954} INFO - Setting next_dagrun for welcome_dag to 2024-05-11 23:00:00+00:00, run_after=2024-05-12 23:00:00+00:00
[2024-05-12T12:03:32.993+0000] {processor.py:183} INFO - Processing /opt/airflow/dags/welcome_dag.py took 3.068 seconds
[2024-05-12T12:04:08.707+0000] {processor.py:161} INFO - Started process (PID=124) to work on /opt/airflow/dags/welcome_dag.py
[2024-05-12T12:04:08.814+0000] {processor.py:830} INFO - Processing file /opt/airflow/dags/welcome_dag.py for tasks to queue
[2024-05-12T12:04:08.875+0000] {logging_mixin.py:188} INFO - [2024-05-12T12:04:08.861+0000] {dagbag.py:545} INFO - Filling up the DagBag from /opt/airflow/dags/welcome_dag.py
[2024-05-12T12:04:09.701+0000] {processor.py:840} INFO - DAG(s) 'welcome_dag' retrieved from /opt/airflow/dags/welcome_dag.py
[2024-05-12T12:04:10.866+0000] {logging_mixin.py:188} INFO - [2024-05-12T12:04:10.864+0000] {dag.py:3096} INFO - Sync 1 DAGs
[2024-05-12T12:04:11.988+0000] {logging_mixin.py:188} INFO - [2024-05-12T12:04:11.986+0000] {dag.py:3954} INFO - Setting next_dagrun for welcome_dag to 2024-05-11 23:00:00+00:00, run_after=2024-05-12 23:00:00+00:00
[2024-05-12T12:04:13.543+0000] {processor.py:183} INFO - Processing /opt/airflow/dags/welcome_dag.py took 5.119 seconds
[2024-05-12T12:04:45.768+0000] {processor.py:161} INFO - Started process (PID=125) to work on /opt/airflow/dags/welcome_dag.py
[2024-05-12T12:04:45.800+0000] {processor.py:830} INFO - Processing file /opt/airflow/dags/welcome_dag.py for tasks to queue
[2024-05-12T12:04:45.847+0000] {logging_mixin.py:188} INFO - [2024-05-12T12:04:45.838+0000] {dagbag.py:545} INFO - Filling up the DagBag from /opt/airflow/dags/welcome_dag.py
[2024-05-12T12:04:47.453+0000] {processor.py:840} INFO - DAG(s) 'welcome_dag' retrieved from /opt/airflow/dags/welcome_dag.py
[2024-05-12T12:04:47.907+0000] {logging_mixin.py:188} INFO - [2024-05-12T12:04:47.905+0000] {dag.py:3096} INFO - Sync 1 DAGs
[2024-05-12T12:04:48.342+0000] {logging_mixin.py:188} INFO - [2024-05-12T12:04:48.338+0000] {dag.py:3954} INFO - Setting next_dagrun for welcome_dag to 2024-05-11 23:00:00+00:00, run_after=2024-05-12 23:00:00+00:00
[2024-05-12T12:04:49.114+0000] {processor.py:183} INFO - Processing /opt/airflow/dags/welcome_dag.py took 3.490 seconds
[2024-05-12T12:05:20.633+0000] {processor.py:161} INFO - Started process (PID=126) to work on /opt/airflow/dags/welcome_dag.py
[2024-05-12T12:05:20.656+0000] {processor.py:830} INFO - Processing file /opt/airflow/dags/welcome_dag.py for tasks to queue
[2024-05-12T12:05:20.703+0000] {logging_mixin.py:188} INFO - [2024-05-12T12:05:20.696+0000] {dagbag.py:545} INFO - Filling up the DagBag from /opt/airflow/dags/welcome_dag.py
[2024-05-12T12:05:21.010+0000] {processor.py:840} INFO - DAG(s) 'welcome_dag' retrieved from /opt/airflow/dags/welcome_dag.py
[2024-05-12T12:05:21.507+0000] {logging_mixin.py:188} INFO - [2024-05-12T12:05:21.506+0000] {dag.py:3096} INFO - Sync 1 DAGs
[2024-05-12T12:05:22.089+0000] {logging_mixin.py:188} INFO - [2024-05-12T12:05:22.087+0000] {dag.py:3954} INFO - Setting next_dagrun for welcome_dag to 2024-05-11 23:00:00+00:00, run_after=2024-05-12 23:00:00+00:00
[2024-05-12T12:05:22.978+0000] {processor.py:183} INFO - Processing /opt/airflow/dags/welcome_dag.py took 2.458 seconds
[2024-05-12T12:05:53.746+0000] {processor.py:161} INFO - Started process (PID=127) to work on /opt/airflow/dags/welcome_dag.py
[2024-05-12T12:05:53.755+0000] {processor.py:830} INFO - Processing file /opt/airflow/dags/welcome_dag.py for tasks to queue
[2024-05-12T12:05:53.766+0000] {logging_mixin.py:188} INFO - [2024-05-12T12:05:53.763+0000] {dagbag.py:545} INFO - Filling up the DagBag from /opt/airflow/dags/welcome_dag.py
[2024-05-12T12:05:53.941+0000] {processor.py:840} INFO - DAG(s) 'welcome_dag' retrieved from /opt/airflow/dags/welcome_dag.py
[2024-05-12T12:05:54.197+0000] {logging_mixin.py:188} INFO - [2024-05-12T12:05:54.194+0000] {dag.py:3096} INFO - Sync 1 DAGs
[2024-05-12T12:05:54.514+0000] {logging_mixin.py:188} INFO - [2024-05-12T12:05:54.513+0000] {dag.py:3954} INFO - Setting next_dagrun for welcome_dag to 2024-05-11 23:00:00+00:00, run_after=2024-05-12 23:00:00+00:00
[2024-05-12T12:05:55.078+0000] {processor.py:183} INFO - Processing /opt/airflow/dags/welcome_dag.py took 1.356 seconds
[2024-05-12T12:06:25.708+0000] {processor.py:161} INFO - Started process (PID=128) to work on /opt/airflow/dags/welcome_dag.py
[2024-05-12T12:06:25.712+0000] {processor.py:830} INFO - Processing file /opt/airflow/dags/welcome_dag.py for tasks to queue
[2024-05-12T12:06:25.718+0000] {logging_mixin.py:188} INFO - [2024-05-12T12:06:25.718+0000] {dagbag.py:545} INFO - Filling up the DagBag from /opt/airflow/dags/welcome_dag.py
[2024-05-12T12:06:25.785+0000] {processor.py:840} INFO - DAG(s) 'welcome_dag' retrieved from /opt/airflow/dags/welcome_dag.py
[2024-05-12T12:06:25.888+0000] {logging_mixin.py:188} INFO - [2024-05-12T12:06:25.888+0000] {dag.py:3096} INFO - Sync 1 DAGs
[2024-05-12T12:06:25.947+0000] {logging_mixin.py:188} INFO - [2024-05-12T12:06:25.946+0000] {dag.py:3954} INFO - Setting next_dagrun for welcome_dag to 2024-05-11 23:00:00+00:00, run_after=2024-05-12 23:00:00+00:00
[2024-05-12T12:06:26.119+0000] {processor.py:183} INFO - Processing /opt/airflow/dags/welcome_dag.py took 0.424 seconds
