[2024-06-16T14:19:25.317+0000] {local_task_job_runner.py:120} INFO - ::group::Pre task execution logs
[2024-06-16T14:19:25.361+0000] {taskinstance.py:2076} INFO - Dependencies all met for dep_context=non-requeueable deps ti=<TaskInstance: welcome_dag.print_date manual__2024-06-16T14:18:25.486554+00:00 [queued]>
[2024-06-16T14:19:25.376+0000] {taskinstance.py:2076} INFO - Dependencies all met for dep_context=requeueable deps ti=<TaskInstance: welcome_dag.print_date manual__2024-06-16T14:18:25.486554+00:00 [queued]>
[2024-06-16T14:19:25.377+0000] {taskinstance.py:2306} INFO - Starting attempt 1 of 1
[2024-06-16T14:19:25.404+0000] {taskinstance.py:2330} INFO - Executing <Task(PythonOperator): print_date> on 2024-06-16 14:18:25.486554+00:00
[2024-06-16T14:19:25.420+0000] {warnings.py:112} WARNING - /home/***/.local/lib/python3.12/site-packages/***/task/task_runner/standard_task_runner.py:61: DeprecationWarning: This process (pid=148) is multi-threaded, use of fork() may lead to deadlocks in the child.
  pid = os.fork()

[2024-06-16T14:19:25.423+0000] {standard_task_runner.py:63} INFO - Started process 156 to run task
[2024-06-16T14:19:25.424+0000] {standard_task_runner.py:90} INFO - Running: ['***', 'tasks', 'run', 'welcome_dag', 'print_date', 'manual__2024-06-16T14:18:25.486554+00:00', '--job-id', '122', '--raw', '--subdir', 'DAGS_FOLDER/welcome_dag.py', '--cfg-path', '/tmp/tmpvbv8h0wz']
[2024-06-16T14:19:25.427+0000] {standard_task_runner.py:91} INFO - Job 122: Subtask print_date
[2024-06-16T14:19:25.510+0000] {task_command.py:426} INFO - Running <TaskInstance: welcome_dag.print_date manual__2024-06-16T14:18:25.486554+00:00 [running]> on host 3ee39c4edaab
[2024-06-16T14:19:25.701+0000] {taskinstance.py:2648} INFO - Exporting env vars: AIRFLOW_CTX_DAG_OWNER='***' AIRFLOW_CTX_DAG_ID='welcome_dag' AIRFLOW_CTX_TASK_ID='print_date' AIRFLOW_CTX_EXECUTION_DATE='2024-06-16T14:18:25.486554+00:00' AIRFLOW_CTX_TRY_NUMBER='1' AIRFLOW_CTX_DAG_RUN_ID='manual__2024-06-16T14:18:25.486554+00:00'
[2024-06-16T14:19:25.705+0000] {taskinstance.py:430} INFO - ::endgroup::
[2024-06-16T14:19:25.707+0000] {logging_mixin.py:188} INFO - Today is 2024-06-16
[2024-06-16T14:19:25.708+0000] {python.py:237} INFO - Done. Returned value was: None
[2024-06-16T14:19:25.710+0000] {taskinstance.py:441} INFO - ::group::Post task execution logs
[2024-06-16T14:19:25.726+0000] {taskinstance.py:1206} INFO - Marking task as SUCCESS. dag_id=welcome_dag, task_id=print_date, run_id=manual__2024-06-16T14:18:25.486554+00:00, execution_date=20240616T141825, start_date=20240616T141925, end_date=20240616T141925
[2024-06-16T14:19:25.761+0000] {local_task_job_runner.py:240} INFO - Task exited with return code 0
[2024-06-16T14:19:25.795+0000] {taskinstance.py:3503} INFO - 1 downstream tasks scheduled from follow-on schedule check
[2024-06-16T14:19:25.797+0000] {local_task_job_runner.py:222} INFO - ::endgroup::
