[2024-06-16T14:19:29.323+0000] {local_task_job_runner.py:120} INFO - ::group::Pre task execution logs
[2024-06-16T14:19:29.358+0000] {taskinstance.py:2076} INFO - Dependencies all met for dep_context=non-requeueable deps ti=<TaskInstance: welcome_dag.print_random_quote manual__2024-06-16T14:18:25.486554+00:00 [queued]>
[2024-06-16T14:19:29.372+0000] {taskinstance.py:2076} INFO - Dependencies all met for dep_context=requeueable deps ti=<TaskInstance: welcome_dag.print_random_quote manual__2024-06-16T14:18:25.486554+00:00 [queued]>
[2024-06-16T14:19:29.373+0000] {taskinstance.py:2306} INFO - Starting attempt 1 of 1
[2024-06-16T14:19:29.394+0000] {taskinstance.py:2330} INFO - Executing <Task(PythonOperator): print_random_quote> on 2024-06-16 14:18:25.486554+00:00
[2024-06-16T14:19:29.416+0000] {warnings.py:112} WARNING - /home/***/.local/lib/python3.12/site-packages/***/task/task_runner/standard_task_runner.py:61: DeprecationWarning: This process (pid=157) is multi-threaded, use of fork() may lead to deadlocks in the child.
  pid = os.fork()

[2024-06-16T14:19:29.416+0000] {standard_task_runner.py:90} INFO - Running: ['***', 'tasks', 'run', 'welcome_dag', 'print_random_quote', 'manual__2024-06-16T14:18:25.486554+00:00', '--job-id', '123', '--raw', '--subdir', 'DAGS_FOLDER/welcome_dag.py', '--cfg-path', '/tmp/tmp4xaaj_b4']
[2024-06-16T14:19:29.423+0000] {standard_task_runner.py:63} INFO - Started process 159 to run task
[2024-06-16T14:19:29.424+0000] {standard_task_runner.py:91} INFO - Job 123: Subtask print_random_quote
[2024-06-16T14:19:29.506+0000] {task_command.py:426} INFO - Running <TaskInstance: welcome_dag.print_random_quote manual__2024-06-16T14:18:25.486554+00:00 [running]> on host 3ee39c4edaab
[2024-06-16T14:19:29.637+0000] {taskinstance.py:2648} INFO - Exporting env vars: AIRFLOW_CTX_DAG_OWNER='***' AIRFLOW_CTX_DAG_ID='welcome_dag' AIRFLOW_CTX_TASK_ID='print_random_quote' AIRFLOW_CTX_EXECUTION_DATE='2024-06-16T14:18:25.486554+00:00' AIRFLOW_CTX_TRY_NUMBER='1' AIRFLOW_CTX_DAG_RUN_ID='manual__2024-06-16T14:18:25.486554+00:00'
[2024-06-16T14:19:29.640+0000] {taskinstance.py:430} INFO - ::endgroup::
[2024-06-16T14:19:30.922+0000] {logging_mixin.py:188} INFO - Quote of the day: "There is no greater harm than that of time wasted."
[2024-06-16T14:19:30.923+0000] {python.py:237} INFO - Done. Returned value was: None
[2024-06-16T14:19:30.925+0000] {taskinstance.py:441} INFO - ::group::Post task execution logs
[2024-06-16T14:19:30.934+0000] {taskinstance.py:1206} INFO - Marking task as SUCCESS. dag_id=welcome_dag, task_id=print_random_quote, run_id=manual__2024-06-16T14:18:25.486554+00:00, execution_date=20240616T141825, start_date=20240616T141929, end_date=20240616T141930
[2024-06-16T14:19:30.973+0000] {local_task_job_runner.py:240} INFO - Task exited with return code 0
[2024-06-16T14:19:30.998+0000] {taskinstance.py:3503} INFO - 0 downstream tasks scheduled from follow-on schedule check
[2024-06-16T14:19:31.000+0000] {local_task_job_runner.py:222} INFO - ::endgroup::
