[2024-06-16T14:14:56.959+0000] {local_task_job_runner.py:120} INFO - ::group::Pre task execution logs
[2024-06-16T14:14:57.256+0000] {taskinstance.py:2076} INFO - Dependencies all met for dep_context=non-requeueable deps ti=<TaskInstance: simple-etl-dag.load scheduled__2024-05-16T00:00:00+00:00 [queued]>
[2024-06-16T14:14:57.318+0000] {taskinstance.py:2076} INFO - Dependencies all met for dep_context=requeueable deps ti=<TaskInstance: simple-etl-dag.load scheduled__2024-05-16T00:00:00+00:00 [queued]>
[2024-06-16T14:14:57.331+0000] {taskinstance.py:2306} INFO - Starting attempt 1 of 1
[2024-06-16T14:14:57.479+0000] {taskinstance.py:2330} INFO - Executing <Task(BashOperator): load> on 2024-05-16 00:00:00+00:00
[2024-06-16T14:14:57.533+0000] {warnings.py:112} WARNING - /home/***/.local/lib/python3.12/site-packages/***/task/task_runner/standard_task_runner.py:61: DeprecationWarning: This process (pid=83) is multi-threaded, use of fork() may lead to deadlocks in the child.
  pid = os.fork()

[2024-06-16T14:14:57.550+0000] {standard_task_runner.py:63} INFO - Started process 87 to run task
[2024-06-16T14:14:57.543+0000] {standard_task_runner.py:90} INFO - Running: ['***', 'tasks', 'run', 'simple-etl-dag', 'load', 'scheduled__2024-05-16T00:00:00+00:00', '--job-id', '113', '--raw', '--subdir', 'DAGS_FOLDER/simple-dag.py', '--cfg-path', '/tmp/tmp3rhz6gsj']
[2024-06-16T14:14:57.560+0000] {standard_task_runner.py:91} INFO - Job 113: Subtask load
[2024-06-16T14:14:57.994+0000] {task_command.py:426} INFO - Running <TaskInstance: simple-etl-dag.load scheduled__2024-05-16T00:00:00+00:00 [running]> on host 3ee39c4edaab
[2024-06-16T14:14:58.709+0000] {taskinstance.py:2648} INFO - Exporting env vars: AIRFLOW_CTX_DAG_OWNER='***' AIRFLOW_CTX_DAG_ID='simple-etl-dag' AIRFLOW_CTX_TASK_ID='load' AIRFLOW_CTX_EXECUTION_DATE='2024-05-16T00:00:00+00:00' AIRFLOW_CTX_TRY_NUMBER='1' AIRFLOW_CTX_DAG_RUN_ID='scheduled__2024-05-16T00:00:00+00:00'
[2024-06-16T14:14:58.726+0000] {taskinstance.py:430} INFO - ::endgroup::
[2024-06-16T14:14:58.739+0000] {subprocess.py:63} INFO - Tmp dir root location: /tmp
[2024-06-16T14:14:58.752+0000] {subprocess.py:75} INFO - Running command: ['/usr/bin/bash', '-c', "echo 'Loading the transformed data in to SQLite database'"]
[2024-06-16T14:14:58.871+0000] {subprocess.py:86} INFO - Output:
[2024-06-16T14:14:58.895+0000] {subprocess.py:93} INFO - Loading the transformed data in to SQLite database
[2024-06-16T14:14:58.901+0000] {subprocess.py:97} INFO - Command exited with return code 0
[2024-06-16T14:14:58.906+0000] {taskinstance.py:441} INFO - ::group::Post task execution logs
[2024-06-16T14:14:59.168+0000] {taskinstance.py:1206} INFO - Marking task as SUCCESS. dag_id=simple-etl-dag, task_id=load, run_id=scheduled__2024-05-16T00:00:00+00:00, execution_date=20240516T000000, start_date=20240616T141457, end_date=20240616T141459
[2024-06-16T14:14:59.460+0000] {local_task_job_runner.py:240} INFO - Task exited with return code 0
[2024-06-16T14:14:59.909+0000] {taskinstance.py:3503} INFO - 0 downstream tasks scheduled from follow-on schedule check
[2024-06-16T14:14:59.991+0000] {local_task_job_runner.py:222} INFO - ::endgroup::
