[2024-06-15T23:27:02.890+0000] {processor.py:161} INFO - Started process (PID=54) to work on /opt/airflow/dags/simple-dag.py
[2024-06-15T23:27:02.892+0000] {processor.py:830} INFO - Processing file /opt/airflow/dags/simple-dag.py for tasks to queue
[2024-06-15T23:27:02.899+0000] {logging_mixin.py:188} INFO - [2024-06-15T23:27:02.898+0000] {dagbag.py:545} INFO - Filling up the DagBag from /opt/airflow/dags/simple-dag.py
[2024-06-15T23:27:02.964+0000] {processor.py:840} INFO - DAG(s) 'simple-etl-dag' retrieved from /opt/airflow/dags/simple-dag.py
[2024-06-15T23:27:03.004+0000] {logging_mixin.py:188} INFO - [2024-06-15T23:27:03.003+0000] {dag.py:3096} INFO - Sync 1 DAGs
[2024-06-15T23:27:03.071+0000] {logging_mixin.py:188} INFO - [2024-06-15T23:27:03.070+0000] {dag.py:3954} INFO - Setting next_dagrun for simple-etl-dag to 2024-06-15 00:00:00+00:00, run_after=2024-06-16 00:00:00+00:00
[2024-06-15T23:27:03.210+0000] {processor.py:183} INFO - Processing /opt/airflow/dags/simple-dag.py took 0.336 seconds
[2024-06-15T23:27:34.889+0000] {processor.py:161} INFO - Started process (PID=66) to work on /opt/airflow/dags/simple-dag.py
[2024-06-15T23:27:34.891+0000] {processor.py:830} INFO - Processing file /opt/airflow/dags/simple-dag.py for tasks to queue
[2024-06-15T23:27:34.896+0000] {logging_mixin.py:188} INFO - [2024-06-15T23:27:34.896+0000] {dagbag.py:545} INFO - Filling up the DagBag from /opt/airflow/dags/simple-dag.py
[2024-06-15T23:27:34.950+0000] {processor.py:840} INFO - DAG(s) 'simple-etl-dag' retrieved from /opt/airflow/dags/simple-dag.py
[2024-06-15T23:27:35.280+0000] {logging_mixin.py:188} INFO - [2024-06-15T23:27:35.279+0000] {dag.py:3096} INFO - Sync 1 DAGs
[2024-06-15T23:27:35.335+0000] {logging_mixin.py:188} INFO - [2024-06-15T23:27:35.334+0000] {dag.py:3954} INFO - Setting next_dagrun for simple-etl-dag to 2024-06-15 00:00:00+00:00, run_after=2024-06-16 00:00:00+00:00
[2024-06-15T23:27:35.488+0000] {processor.py:183} INFO - Processing /opt/airflow/dags/simple-dag.py took 0.613 seconds
[2024-06-15T23:28:06.744+0000] {processor.py:161} INFO - Started process (PID=70) to work on /opt/airflow/dags/simple-dag.py
[2024-06-15T23:28:06.747+0000] {processor.py:830} INFO - Processing file /opt/airflow/dags/simple-dag.py for tasks to queue
[2024-06-15T23:28:06.751+0000] {logging_mixin.py:188} INFO - [2024-06-15T23:28:06.750+0000] {dagbag.py:545} INFO - Filling up the DagBag from /opt/airflow/dags/simple-dag.py
[2024-06-15T23:28:06.806+0000] {processor.py:840} INFO - DAG(s) 'simple-etl-dag' retrieved from /opt/airflow/dags/simple-dag.py
[2024-06-15T23:28:06.869+0000] {logging_mixin.py:188} INFO - [2024-06-15T23:28:06.868+0000] {dag.py:3096} INFO - Sync 1 DAGs
[2024-06-15T23:28:06.927+0000] {logging_mixin.py:188} INFO - [2024-06-15T23:28:06.926+0000] {dag.py:3954} INFO - Setting next_dagrun for simple-etl-dag to 2024-06-15 00:00:00+00:00, run_after=2024-06-16 00:00:00+00:00
[2024-06-15T23:28:07.069+0000] {processor.py:183} INFO - Processing /opt/airflow/dags/simple-dag.py took 0.335 seconds
[2024-06-15T23:28:38.629+0000] {processor.py:161} INFO - Started process (PID=74) to work on /opt/airflow/dags/simple-dag.py
[2024-06-15T23:28:38.631+0000] {processor.py:830} INFO - Processing file /opt/airflow/dags/simple-dag.py for tasks to queue
[2024-06-15T23:28:38.636+0000] {logging_mixin.py:188} INFO - [2024-06-15T23:28:38.635+0000] {dagbag.py:545} INFO - Filling up the DagBag from /opt/airflow/dags/simple-dag.py
[2024-06-15T23:28:38.689+0000] {processor.py:840} INFO - DAG(s) 'simple-etl-dag' retrieved from /opt/airflow/dags/simple-dag.py
[2024-06-15T23:28:38.761+0000] {logging_mixin.py:188} INFO - [2024-06-15T23:28:38.760+0000] {dag.py:3096} INFO - Sync 1 DAGs
[2024-06-15T23:28:38.825+0000] {logging_mixin.py:188} INFO - [2024-06-15T23:28:38.825+0000] {dag.py:3954} INFO - Setting next_dagrun for simple-etl-dag to 2024-06-15 00:00:00+00:00, run_after=2024-06-16 00:00:00+00:00
[2024-06-15T23:28:38.969+0000] {processor.py:183} INFO - Processing /opt/airflow/dags/simple-dag.py took 0.351 seconds
[2024-06-15T23:29:11.019+0000] {processor.py:161} INFO - Started process (PID=78) to work on /opt/airflow/dags/simple-dag.py
[2024-06-15T23:29:11.021+0000] {processor.py:830} INFO - Processing file /opt/airflow/dags/simple-dag.py for tasks to queue
[2024-06-15T23:29:11.025+0000] {logging_mixin.py:188} INFO - [2024-06-15T23:29:11.024+0000] {dagbag.py:545} INFO - Filling up the DagBag from /opt/airflow/dags/simple-dag.py
[2024-06-15T23:29:11.070+0000] {processor.py:840} INFO - DAG(s) 'simple-etl-dag' retrieved from /opt/airflow/dags/simple-dag.py
[2024-06-15T23:29:11.131+0000] {logging_mixin.py:188} INFO - [2024-06-15T23:29:11.131+0000] {dag.py:3096} INFO - Sync 1 DAGs
[2024-06-15T23:29:11.189+0000] {logging_mixin.py:188} INFO - [2024-06-15T23:29:11.188+0000] {dag.py:3954} INFO - Setting next_dagrun for simple-etl-dag to 2024-06-15 00:00:00+00:00, run_after=2024-06-16 00:00:00+00:00
[2024-06-15T23:29:11.375+0000] {processor.py:183} INFO - Processing /opt/airflow/dags/simple-dag.py took 0.369 seconds
[2024-06-15T23:29:43.128+0000] {processor.py:161} INFO - Started process (PID=82) to work on /opt/airflow/dags/simple-dag.py
[2024-06-15T23:29:43.130+0000] {processor.py:830} INFO - Processing file /opt/airflow/dags/simple-dag.py for tasks to queue
[2024-06-15T23:29:43.135+0000] {logging_mixin.py:188} INFO - [2024-06-15T23:29:43.134+0000] {dagbag.py:545} INFO - Filling up the DagBag from /opt/airflow/dags/simple-dag.py
[2024-06-15T23:29:43.189+0000] {processor.py:840} INFO - DAG(s) 'simple-etl-dag' retrieved from /opt/airflow/dags/simple-dag.py
[2024-06-15T23:29:43.270+0000] {logging_mixin.py:188} INFO - [2024-06-15T23:29:43.270+0000] {dag.py:3096} INFO - Sync 1 DAGs
[2024-06-15T23:29:43.342+0000] {logging_mixin.py:188} INFO - [2024-06-15T23:29:43.342+0000] {dag.py:3954} INFO - Setting next_dagrun for simple-etl-dag to 2024-06-15 00:00:00+00:00, run_after=2024-06-16 00:00:00+00:00
[2024-06-15T23:29:43.475+0000] {processor.py:183} INFO - Processing /opt/airflow/dags/simple-dag.py took 0.362 seconds
[2024-06-15T23:30:15.639+0000] {processor.py:161} INFO - Started process (PID=86) to work on /opt/airflow/dags/simple-dag.py
[2024-06-15T23:30:15.640+0000] {processor.py:830} INFO - Processing file /opt/airflow/dags/simple-dag.py for tasks to queue
[2024-06-15T23:30:15.645+0000] {logging_mixin.py:188} INFO - [2024-06-15T23:30:15.644+0000] {dagbag.py:545} INFO - Filling up the DagBag from /opt/airflow/dags/simple-dag.py
[2024-06-15T23:30:15.700+0000] {processor.py:840} INFO - DAG(s) 'simple-etl-dag' retrieved from /opt/airflow/dags/simple-dag.py
[2024-06-15T23:30:15.772+0000] {logging_mixin.py:188} INFO - [2024-06-15T23:30:15.771+0000] {dag.py:3096} INFO - Sync 1 DAGs
[2024-06-15T23:30:15.992+0000] {logging_mixin.py:188} INFO - [2024-06-15T23:30:15.991+0000] {dag.py:3954} INFO - Setting next_dagrun for simple-etl-dag to 2024-06-15 00:00:00+00:00, run_after=2024-06-16 00:00:00+00:00
[2024-06-15T23:30:16.157+0000] {processor.py:183} INFO - Processing /opt/airflow/dags/simple-dag.py took 0.531 seconds
[2024-06-15T23:30:47.932+0000] {processor.py:161} INFO - Started process (PID=90) to work on /opt/airflow/dags/simple-dag.py
[2024-06-15T23:30:47.934+0000] {processor.py:830} INFO - Processing file /opt/airflow/dags/simple-dag.py for tasks to queue
[2024-06-15T23:30:47.937+0000] {logging_mixin.py:188} INFO - [2024-06-15T23:30:47.936+0000] {dagbag.py:545} INFO - Filling up the DagBag from /opt/airflow/dags/simple-dag.py
[2024-06-15T23:30:47.993+0000] {processor.py:840} INFO - DAG(s) 'simple-etl-dag' retrieved from /opt/airflow/dags/simple-dag.py
[2024-06-15T23:30:48.052+0000] {logging_mixin.py:188} INFO - [2024-06-15T23:30:48.051+0000] {dag.py:3096} INFO - Sync 1 DAGs
[2024-06-15T23:30:48.123+0000] {logging_mixin.py:188} INFO - [2024-06-15T23:30:48.123+0000] {dag.py:3954} INFO - Setting next_dagrun for simple-etl-dag to 2024-06-15 00:00:00+00:00, run_after=2024-06-16 00:00:00+00:00
[2024-06-15T23:30:48.298+0000] {processor.py:183} INFO - Processing /opt/airflow/dags/simple-dag.py took 0.377 seconds
[2024-06-15T23:31:20.320+0000] {processor.py:161} INFO - Started process (PID=94) to work on /opt/airflow/dags/simple-dag.py
[2024-06-15T23:31:20.324+0000] {processor.py:830} INFO - Processing file /opt/airflow/dags/simple-dag.py for tasks to queue
[2024-06-15T23:31:20.332+0000] {logging_mixin.py:188} INFO - [2024-06-15T23:31:20.331+0000] {dagbag.py:545} INFO - Filling up the DagBag from /opt/airflow/dags/simple-dag.py
[2024-06-15T23:31:20.393+0000] {processor.py:840} INFO - DAG(s) 'simple-etl-dag' retrieved from /opt/airflow/dags/simple-dag.py
[2024-06-15T23:31:20.461+0000] {logging_mixin.py:188} INFO - [2024-06-15T23:31:20.460+0000] {dag.py:3096} INFO - Sync 1 DAGs
[2024-06-15T23:31:20.515+0000] {logging_mixin.py:188} INFO - [2024-06-15T23:31:20.514+0000] {dag.py:3954} INFO - Setting next_dagrun for simple-etl-dag to 2024-06-15 00:00:00+00:00, run_after=2024-06-16 00:00:00+00:00
[2024-06-15T23:31:20.706+0000] {processor.py:183} INFO - Processing /opt/airflow/dags/simple-dag.py took 0.409 seconds
[2024-06-15T23:31:51.965+0000] {processor.py:161} INFO - Started process (PID=98) to work on /opt/airflow/dags/simple-dag.py
[2024-06-15T23:31:51.968+0000] {processor.py:830} INFO - Processing file /opt/airflow/dags/simple-dag.py for tasks to queue
[2024-06-15T23:31:51.974+0000] {logging_mixin.py:188} INFO - [2024-06-15T23:31:51.972+0000] {dagbag.py:545} INFO - Filling up the DagBag from /opt/airflow/dags/simple-dag.py
[2024-06-15T23:31:52.039+0000] {processor.py:840} INFO - DAG(s) 'simple-etl-dag' retrieved from /opt/airflow/dags/simple-dag.py
[2024-06-15T23:31:52.117+0000] {logging_mixin.py:188} INFO - [2024-06-15T23:31:52.116+0000] {dag.py:3096} INFO - Sync 1 DAGs
[2024-06-15T23:31:52.189+0000] {logging_mixin.py:188} INFO - [2024-06-15T23:31:52.188+0000] {dag.py:3954} INFO - Setting next_dagrun for simple-etl-dag to 2024-06-15 00:00:00+00:00, run_after=2024-06-16 00:00:00+00:00
[2024-06-15T23:31:52.362+0000] {processor.py:183} INFO - Processing /opt/airflow/dags/simple-dag.py took 0.409 seconds
[2024-06-15T23:32:23.418+0000] {processor.py:161} INFO - Started process (PID=102) to work on /opt/airflow/dags/simple-dag.py
[2024-06-15T23:32:23.421+0000] {processor.py:830} INFO - Processing file /opt/airflow/dags/simple-dag.py for tasks to queue
[2024-06-15T23:32:23.427+0000] {logging_mixin.py:188} INFO - [2024-06-15T23:32:23.426+0000] {dagbag.py:545} INFO - Filling up the DagBag from /opt/airflow/dags/simple-dag.py
[2024-06-15T23:32:23.486+0000] {processor.py:840} INFO - DAG(s) 'simple-etl-dag' retrieved from /opt/airflow/dags/simple-dag.py
[2024-06-15T23:32:23.559+0000] {logging_mixin.py:188} INFO - [2024-06-15T23:32:23.558+0000] {dag.py:3096} INFO - Sync 1 DAGs
[2024-06-15T23:32:23.645+0000] {logging_mixin.py:188} INFO - [2024-06-15T23:32:23.645+0000] {dag.py:3954} INFO - Setting next_dagrun for simple-etl-dag to 2024-06-15 00:00:00+00:00, run_after=2024-06-16 00:00:00+00:00
[2024-06-15T23:32:23.785+0000] {processor.py:183} INFO - Processing /opt/airflow/dags/simple-dag.py took 0.383 seconds
[2024-06-15T23:32:55.827+0000] {processor.py:161} INFO - Started process (PID=106) to work on /opt/airflow/dags/simple-dag.py
[2024-06-15T23:32:55.829+0000] {processor.py:830} INFO - Processing file /opt/airflow/dags/simple-dag.py for tasks to queue
[2024-06-15T23:32:55.833+0000] {logging_mixin.py:188} INFO - [2024-06-15T23:32:55.831+0000] {dagbag.py:545} INFO - Filling up the DagBag from /opt/airflow/dags/simple-dag.py
[2024-06-15T23:32:55.884+0000] {processor.py:840} INFO - DAG(s) 'simple-etl-dag' retrieved from /opt/airflow/dags/simple-dag.py
[2024-06-15T23:32:55.944+0000] {logging_mixin.py:188} INFO - [2024-06-15T23:32:55.944+0000] {dag.py:3096} INFO - Sync 1 DAGs
[2024-06-15T23:32:55.999+0000] {logging_mixin.py:188} INFO - [2024-06-15T23:32:55.999+0000] {dag.py:3954} INFO - Setting next_dagrun for simple-etl-dag to 2024-06-15 00:00:00+00:00, run_after=2024-06-16 00:00:00+00:00
[2024-06-15T23:32:56.134+0000] {processor.py:183} INFO - Processing /opt/airflow/dags/simple-dag.py took 0.317 seconds
[2024-06-15T23:33:28.248+0000] {processor.py:161} INFO - Started process (PID=110) to work on /opt/airflow/dags/simple-dag.py
[2024-06-15T23:33:28.251+0000] {processor.py:830} INFO - Processing file /opt/airflow/dags/simple-dag.py for tasks to queue
[2024-06-15T23:33:28.255+0000] {logging_mixin.py:188} INFO - [2024-06-15T23:33:28.254+0000] {dagbag.py:545} INFO - Filling up the DagBag from /opt/airflow/dags/simple-dag.py
[2024-06-15T23:33:28.308+0000] {processor.py:840} INFO - DAG(s) 'simple-etl-dag' retrieved from /opt/airflow/dags/simple-dag.py
[2024-06-15T23:33:28.373+0000] {logging_mixin.py:188} INFO - [2024-06-15T23:33:28.372+0000] {dag.py:3096} INFO - Sync 1 DAGs
[2024-06-15T23:33:28.433+0000] {logging_mixin.py:188} INFO - [2024-06-15T23:33:28.433+0000] {dag.py:3954} INFO - Setting next_dagrun for simple-etl-dag to 2024-06-15 00:00:00+00:00, run_after=2024-06-16 00:00:00+00:00
[2024-06-15T23:33:28.593+0000] {processor.py:183} INFO - Processing /opt/airflow/dags/simple-dag.py took 0.367 seconds
[2024-06-15T23:34:00.431+0000] {processor.py:161} INFO - Started process (PID=114) to work on /opt/airflow/dags/simple-dag.py
[2024-06-15T23:34:00.436+0000] {processor.py:830} INFO - Processing file /opt/airflow/dags/simple-dag.py for tasks to queue
[2024-06-15T23:34:00.444+0000] {logging_mixin.py:188} INFO - [2024-06-15T23:34:00.442+0000] {dagbag.py:545} INFO - Filling up the DagBag from /opt/airflow/dags/simple-dag.py
[2024-06-15T23:34:00.549+0000] {processor.py:840} INFO - DAG(s) 'simple-etl-dag' retrieved from /opt/airflow/dags/simple-dag.py
[2024-06-15T23:34:00.629+0000] {logging_mixin.py:188} INFO - [2024-06-15T23:34:00.629+0000] {dag.py:3096} INFO - Sync 1 DAGs
[2024-06-15T23:34:00.709+0000] {logging_mixin.py:188} INFO - [2024-06-15T23:34:00.709+0000] {dag.py:3954} INFO - Setting next_dagrun for simple-etl-dag to 2024-06-15 00:00:00+00:00, run_after=2024-06-16 00:00:00+00:00
[2024-06-15T23:34:00.847+0000] {processor.py:183} INFO - Processing /opt/airflow/dags/simple-dag.py took 0.446 seconds
[2024-06-15T23:34:32.787+0000] {processor.py:161} INFO - Started process (PID=118) to work on /opt/airflow/dags/simple-dag.py
[2024-06-15T23:34:32.789+0000] {processor.py:830} INFO - Processing file /opt/airflow/dags/simple-dag.py for tasks to queue
[2024-06-15T23:34:32.796+0000] {logging_mixin.py:188} INFO - [2024-06-15T23:34:32.795+0000] {dagbag.py:545} INFO - Filling up the DagBag from /opt/airflow/dags/simple-dag.py
[2024-06-15T23:34:32.914+0000] {processor.py:840} INFO - DAG(s) 'simple-etl-dag' retrieved from /opt/airflow/dags/simple-dag.py
[2024-06-15T23:34:32.996+0000] {logging_mixin.py:188} INFO - [2024-06-15T23:34:32.995+0000] {dag.py:3096} INFO - Sync 1 DAGs
[2024-06-15T23:34:33.061+0000] {logging_mixin.py:188} INFO - [2024-06-15T23:34:33.061+0000] {dag.py:3954} INFO - Setting next_dagrun for simple-etl-dag to 2024-06-15 00:00:00+00:00, run_after=2024-06-16 00:00:00+00:00
[2024-06-15T23:34:33.259+0000] {processor.py:183} INFO - Processing /opt/airflow/dags/simple-dag.py took 0.488 seconds
[2024-06-15T23:35:05.527+0000] {processor.py:161} INFO - Started process (PID=122) to work on /opt/airflow/dags/simple-dag.py
[2024-06-15T23:35:05.530+0000] {processor.py:830} INFO - Processing file /opt/airflow/dags/simple-dag.py for tasks to queue
[2024-06-15T23:35:05.535+0000] {logging_mixin.py:188} INFO - [2024-06-15T23:35:05.534+0000] {dagbag.py:545} INFO - Filling up the DagBag from /opt/airflow/dags/simple-dag.py
[2024-06-15T23:35:05.605+0000] {processor.py:840} INFO - DAG(s) 'simple-etl-dag' retrieved from /opt/airflow/dags/simple-dag.py
[2024-06-15T23:35:05.671+0000] {logging_mixin.py:188} INFO - [2024-06-15T23:35:05.671+0000] {dag.py:3096} INFO - Sync 1 DAGs
[2024-06-15T23:35:05.729+0000] {logging_mixin.py:188} INFO - [2024-06-15T23:35:05.728+0000] {dag.py:3954} INFO - Setting next_dagrun for simple-etl-dag to 2024-06-15 00:00:00+00:00, run_after=2024-06-16 00:00:00+00:00
[2024-06-15T23:35:05.902+0000] {processor.py:183} INFO - Processing /opt/airflow/dags/simple-dag.py took 0.393 seconds
[2024-06-15T23:35:37.436+0000] {processor.py:161} INFO - Started process (PID=126) to work on /opt/airflow/dags/simple-dag.py
[2024-06-15T23:35:37.439+0000] {processor.py:830} INFO - Processing file /opt/airflow/dags/simple-dag.py for tasks to queue
[2024-06-15T23:35:37.443+0000] {logging_mixin.py:188} INFO - [2024-06-15T23:35:37.443+0000] {dagbag.py:545} INFO - Filling up the DagBag from /opt/airflow/dags/simple-dag.py
[2024-06-15T23:35:37.505+0000] {processor.py:840} INFO - DAG(s) 'simple-etl-dag' retrieved from /opt/airflow/dags/simple-dag.py
[2024-06-15T23:35:37.585+0000] {logging_mixin.py:188} INFO - [2024-06-15T23:35:37.585+0000] {dag.py:3096} INFO - Sync 1 DAGs
[2024-06-15T23:35:37.653+0000] {logging_mixin.py:188} INFO - [2024-06-15T23:35:37.653+0000] {dag.py:3954} INFO - Setting next_dagrun for simple-etl-dag to 2024-06-15 00:00:00+00:00, run_after=2024-06-16 00:00:00+00:00
[2024-06-15T23:35:37.854+0000] {processor.py:183} INFO - Processing /opt/airflow/dags/simple-dag.py took 0.432 seconds
[2024-06-15T23:36:08.533+0000] {processor.py:161} INFO - Started process (PID=130) to work on /opt/airflow/dags/simple-dag.py
[2024-06-15T23:36:08.535+0000] {processor.py:830} INFO - Processing file /opt/airflow/dags/simple-dag.py for tasks to queue
[2024-06-15T23:36:08.539+0000] {logging_mixin.py:188} INFO - [2024-06-15T23:36:08.538+0000] {dagbag.py:545} INFO - Filling up the DagBag from /opt/airflow/dags/simple-dag.py
[2024-06-15T23:36:08.629+0000] {processor.py:840} INFO - DAG(s) 'simple-etl-dag' retrieved from /opt/airflow/dags/simple-dag.py
[2024-06-15T23:36:08.697+0000] {logging_mixin.py:188} INFO - [2024-06-15T23:36:08.696+0000] {dag.py:3096} INFO - Sync 1 DAGs
[2024-06-15T23:36:08.752+0000] {logging_mixin.py:188} INFO - [2024-06-15T23:36:08.752+0000] {dag.py:3954} INFO - Setting next_dagrun for simple-etl-dag to 2024-06-15 00:00:00+00:00, run_after=2024-06-16 00:00:00+00:00
[2024-06-15T23:36:08.907+0000] {processor.py:183} INFO - Processing /opt/airflow/dags/simple-dag.py took 0.386 seconds
[2024-06-15T23:36:42.534+0000] {processor.py:161} INFO - Started process (PID=134) to work on /opt/airflow/dags/simple-dag.py
[2024-06-15T23:36:42.536+0000] {processor.py:830} INFO - Processing file /opt/airflow/dags/simple-dag.py for tasks to queue
[2024-06-15T23:36:42.539+0000] {logging_mixin.py:188} INFO - [2024-06-15T23:36:42.539+0000] {dagbag.py:545} INFO - Filling up the DagBag from /opt/airflow/dags/simple-dag.py
[2024-06-15T23:36:42.591+0000] {processor.py:840} INFO - DAG(s) 'simple-etl-dag' retrieved from /opt/airflow/dags/simple-dag.py
[2024-06-15T23:36:42.665+0000] {logging_mixin.py:188} INFO - [2024-06-15T23:36:42.663+0000] {dag.py:3096} INFO - Sync 1 DAGs
[2024-06-15T23:36:42.749+0000] {logging_mixin.py:188} INFO - [2024-06-15T23:36:42.748+0000] {dag.py:3954} INFO - Setting next_dagrun for simple-etl-dag to 2024-06-15 00:00:00+00:00, run_after=2024-06-16 00:00:00+00:00
[2024-06-15T23:36:43.058+0000] {processor.py:183} INFO - Processing /opt/airflow/dags/simple-dag.py took 0.539 seconds
[2024-06-15T23:37:14.156+0000] {processor.py:161} INFO - Started process (PID=138) to work on /opt/airflow/dags/simple-dag.py
[2024-06-15T23:37:14.158+0000] {processor.py:830} INFO - Processing file /opt/airflow/dags/simple-dag.py for tasks to queue
[2024-06-15T23:37:14.162+0000] {logging_mixin.py:188} INFO - [2024-06-15T23:37:14.161+0000] {dagbag.py:545} INFO - Filling up the DagBag from /opt/airflow/dags/simple-dag.py
[2024-06-15T23:37:14.213+0000] {processor.py:840} INFO - DAG(s) 'simple-etl-dag' retrieved from /opt/airflow/dags/simple-dag.py
[2024-06-15T23:37:14.274+0000] {logging_mixin.py:188} INFO - [2024-06-15T23:37:14.273+0000] {dag.py:3096} INFO - Sync 1 DAGs
[2024-06-15T23:37:14.328+0000] {logging_mixin.py:188} INFO - [2024-06-15T23:37:14.328+0000] {dag.py:3954} INFO - Setting next_dagrun for simple-etl-dag to 2024-06-15 00:00:00+00:00, run_after=2024-06-16 00:00:00+00:00
[2024-06-15T23:37:14.453+0000] {processor.py:183} INFO - Processing /opt/airflow/dags/simple-dag.py took 0.308 seconds
[2024-06-15T23:37:46.106+0000] {processor.py:161} INFO - Started process (PID=142) to work on /opt/airflow/dags/simple-dag.py
[2024-06-15T23:37:46.109+0000] {processor.py:830} INFO - Processing file /opt/airflow/dags/simple-dag.py for tasks to queue
[2024-06-15T23:37:46.113+0000] {logging_mixin.py:188} INFO - [2024-06-15T23:37:46.112+0000] {dagbag.py:545} INFO - Filling up the DagBag from /opt/airflow/dags/simple-dag.py
[2024-06-15T23:37:46.164+0000] {processor.py:840} INFO - DAG(s) 'simple-etl-dag' retrieved from /opt/airflow/dags/simple-dag.py
[2024-06-15T23:37:46.229+0000] {logging_mixin.py:188} INFO - [2024-06-15T23:37:46.229+0000] {dag.py:3096} INFO - Sync 1 DAGs
[2024-06-15T23:37:46.287+0000] {logging_mixin.py:188} INFO - [2024-06-15T23:37:46.287+0000] {dag.py:3954} INFO - Setting next_dagrun for simple-etl-dag to 2024-06-15 00:00:00+00:00, run_after=2024-06-16 00:00:00+00:00
[2024-06-15T23:37:46.476+0000] {processor.py:183} INFO - Processing /opt/airflow/dags/simple-dag.py took 0.384 seconds
[2024-06-15T23:38:17.899+0000] {processor.py:161} INFO - Started process (PID=146) to work on /opt/airflow/dags/simple-dag.py
[2024-06-15T23:38:17.902+0000] {processor.py:830} INFO - Processing file /opt/airflow/dags/simple-dag.py for tasks to queue
[2024-06-15T23:38:17.906+0000] {logging_mixin.py:188} INFO - [2024-06-15T23:38:17.905+0000] {dagbag.py:545} INFO - Filling up the DagBag from /opt/airflow/dags/simple-dag.py
[2024-06-15T23:38:17.975+0000] {processor.py:840} INFO - DAG(s) 'simple-etl-dag' retrieved from /opt/airflow/dags/simple-dag.py
[2024-06-15T23:38:18.050+0000] {logging_mixin.py:188} INFO - [2024-06-15T23:38:18.049+0000] {dag.py:3096} INFO - Sync 1 DAGs
[2024-06-15T23:38:18.096+0000] {logging_mixin.py:188} INFO - [2024-06-15T23:38:18.096+0000] {dag.py:3954} INFO - Setting next_dagrun for simple-etl-dag to 2024-06-15 00:00:00+00:00, run_after=2024-06-16 00:00:00+00:00
[2024-06-15T23:38:18.336+0000] {processor.py:183} INFO - Processing /opt/airflow/dags/simple-dag.py took 0.449 seconds
[2024-06-15T23:38:49.757+0000] {processor.py:161} INFO - Started process (PID=150) to work on /opt/airflow/dags/simple-dag.py
[2024-06-15T23:38:49.767+0000] {processor.py:830} INFO - Processing file /opt/airflow/dags/simple-dag.py for tasks to queue
[2024-06-15T23:38:49.772+0000] {logging_mixin.py:188} INFO - [2024-06-15T23:38:49.771+0000] {dagbag.py:545} INFO - Filling up the DagBag from /opt/airflow/dags/simple-dag.py
[2024-06-15T23:38:49.825+0000] {processor.py:840} INFO - DAG(s) 'simple-etl-dag' retrieved from /opt/airflow/dags/simple-dag.py
[2024-06-15T23:38:49.917+0000] {logging_mixin.py:188} INFO - [2024-06-15T23:38:49.916+0000] {dag.py:3096} INFO - Sync 1 DAGs
[2024-06-15T23:38:50.008+0000] {logging_mixin.py:188} INFO - [2024-06-15T23:38:50.007+0000] {dag.py:3954} INFO - Setting next_dagrun for simple-etl-dag to 2024-06-15 00:00:00+00:00, run_after=2024-06-16 00:00:00+00:00
[2024-06-15T23:38:50.133+0000] {processor.py:183} INFO - Processing /opt/airflow/dags/simple-dag.py took 0.401 seconds
[2024-06-15T23:39:22.149+0000] {processor.py:161} INFO - Started process (PID=154) to work on /opt/airflow/dags/simple-dag.py
[2024-06-15T23:39:22.151+0000] {processor.py:830} INFO - Processing file /opt/airflow/dags/simple-dag.py for tasks to queue
[2024-06-15T23:39:22.154+0000] {logging_mixin.py:188} INFO - [2024-06-15T23:39:22.153+0000] {dagbag.py:545} INFO - Filling up the DagBag from /opt/airflow/dags/simple-dag.py
[2024-06-15T23:39:22.204+0000] {processor.py:840} INFO - DAG(s) 'simple-etl-dag' retrieved from /opt/airflow/dags/simple-dag.py
[2024-06-15T23:39:22.272+0000] {logging_mixin.py:188} INFO - [2024-06-15T23:39:22.271+0000] {dag.py:3096} INFO - Sync 1 DAGs
[2024-06-15T23:39:22.369+0000] {logging_mixin.py:188} INFO - [2024-06-15T23:39:22.368+0000] {dag.py:3954} INFO - Setting next_dagrun for simple-etl-dag to 2024-06-15 00:00:00+00:00, run_after=2024-06-16 00:00:00+00:00
[2024-06-15T23:39:22.505+0000] {processor.py:183} INFO - Processing /opt/airflow/dags/simple-dag.py took 0.366 seconds
[2024-06-15T23:39:54.932+0000] {processor.py:161} INFO - Started process (PID=158) to work on /opt/airflow/dags/simple-dag.py
[2024-06-15T23:39:54.935+0000] {processor.py:830} INFO - Processing file /opt/airflow/dags/simple-dag.py for tasks to queue
[2024-06-15T23:39:54.941+0000] {logging_mixin.py:188} INFO - [2024-06-15T23:39:54.939+0000] {dagbag.py:545} INFO - Filling up the DagBag from /opt/airflow/dags/simple-dag.py
[2024-06-15T23:39:55.007+0000] {processor.py:840} INFO - DAG(s) 'simple-etl-dag' retrieved from /opt/airflow/dags/simple-dag.py
[2024-06-15T23:39:55.089+0000] {logging_mixin.py:188} INFO - [2024-06-15T23:39:55.088+0000] {dag.py:3096} INFO - Sync 1 DAGs
[2024-06-15T23:39:55.161+0000] {logging_mixin.py:188} INFO - [2024-06-15T23:39:55.160+0000] {dag.py:3954} INFO - Setting next_dagrun for simple-etl-dag to 2024-06-15 00:00:00+00:00, run_after=2024-06-16 00:00:00+00:00
[2024-06-15T23:39:55.388+0000] {processor.py:183} INFO - Processing /opt/airflow/dags/simple-dag.py took 0.470 seconds
[2024-06-15T23:40:27.009+0000] {processor.py:161} INFO - Started process (PID=162) to work on /opt/airflow/dags/simple-dag.py
[2024-06-15T23:40:27.023+0000] {processor.py:830} INFO - Processing file /opt/airflow/dags/simple-dag.py for tasks to queue
[2024-06-15T23:40:27.030+0000] {logging_mixin.py:188} INFO - [2024-06-15T23:40:27.029+0000] {dagbag.py:545} INFO - Filling up the DagBag from /opt/airflow/dags/simple-dag.py
[2024-06-15T23:40:27.088+0000] {processor.py:840} INFO - DAG(s) 'simple-etl-dag' retrieved from /opt/airflow/dags/simple-dag.py
[2024-06-15T23:40:27.166+0000] {logging_mixin.py:188} INFO - [2024-06-15T23:40:27.165+0000] {dag.py:3096} INFO - Sync 1 DAGs
[2024-06-15T23:40:27.267+0000] {logging_mixin.py:188} INFO - [2024-06-15T23:40:27.265+0000] {dag.py:3954} INFO - Setting next_dagrun for simple-etl-dag to 2024-06-15 00:00:00+00:00, run_after=2024-06-16 00:00:00+00:00
[2024-06-15T23:40:27.434+0000] {processor.py:183} INFO - Processing /opt/airflow/dags/simple-dag.py took 0.467 seconds
[2024-06-15T23:41:47.978+0000] {processor.py:161} INFO - Started process (PID=54) to work on /opt/airflow/dags/simple-dag.py
[2024-06-15T23:41:47.981+0000] {processor.py:830} INFO - Processing file /opt/airflow/dags/simple-dag.py for tasks to queue
[2024-06-15T23:41:47.987+0000] {logging_mixin.py:188} INFO - [2024-06-15T23:41:47.986+0000] {dagbag.py:545} INFO - Filling up the DagBag from /opt/airflow/dags/simple-dag.py
[2024-06-15T23:41:48.042+0000] {processor.py:840} INFO - DAG(s) 'simple-etl-dag' retrieved from /opt/airflow/dags/simple-dag.py
[2024-06-15T23:41:48.074+0000] {logging_mixin.py:188} INFO - [2024-06-15T23:41:48.074+0000] {dag.py:3096} INFO - Sync 1 DAGs
[2024-06-15T23:41:48.141+0000] {logging_mixin.py:188} INFO - [2024-06-15T23:41:48.141+0000] {dag.py:3954} INFO - Setting next_dagrun for simple-etl-dag to 2024-06-15 00:00:00+00:00, run_after=2024-06-16 00:00:00+00:00
[2024-06-15T23:41:48.301+0000] {processor.py:183} INFO - Processing /opt/airflow/dags/simple-dag.py took 0.339 seconds
[2024-06-15T23:42:19.911+0000] {processor.py:161} INFO - Started process (PID=66) to work on /opt/airflow/dags/simple-dag.py
[2024-06-15T23:42:19.913+0000] {processor.py:830} INFO - Processing file /opt/airflow/dags/simple-dag.py for tasks to queue
[2024-06-15T23:42:19.918+0000] {logging_mixin.py:188} INFO - [2024-06-15T23:42:19.917+0000] {dagbag.py:545} INFO - Filling up the DagBag from /opt/airflow/dags/simple-dag.py
[2024-06-15T23:42:19.973+0000] {processor.py:840} INFO - DAG(s) 'simple-etl-dag' retrieved from /opt/airflow/dags/simple-dag.py
[2024-06-15T23:42:20.430+0000] {logging_mixin.py:188} INFO - [2024-06-15T23:42:20.430+0000] {dag.py:3096} INFO - Sync 1 DAGs
[2024-06-15T23:42:20.499+0000] {logging_mixin.py:188} INFO - [2024-06-15T23:42:20.498+0000] {dag.py:3954} INFO - Setting next_dagrun for simple-etl-dag to 2024-06-15 00:00:00+00:00, run_after=2024-06-16 00:00:00+00:00
[2024-06-15T23:42:20.617+0000] {processor.py:183} INFO - Processing /opt/airflow/dags/simple-dag.py took 0.715 seconds
[2024-06-15T23:42:51.568+0000] {processor.py:161} INFO - Started process (PID=70) to work on /opt/airflow/dags/simple-dag.py
[2024-06-15T23:42:51.570+0000] {processor.py:830} INFO - Processing file /opt/airflow/dags/simple-dag.py for tasks to queue
[2024-06-15T23:42:51.574+0000] {logging_mixin.py:188} INFO - [2024-06-15T23:42:51.573+0000] {dagbag.py:545} INFO - Filling up the DagBag from /opt/airflow/dags/simple-dag.py
[2024-06-15T23:42:51.627+0000] {processor.py:840} INFO - DAG(s) 'simple-etl-dag' retrieved from /opt/airflow/dags/simple-dag.py
[2024-06-15T23:42:51.691+0000] {logging_mixin.py:188} INFO - [2024-06-15T23:42:51.690+0000] {dag.py:3096} INFO - Sync 1 DAGs
[2024-06-15T23:42:51.759+0000] {logging_mixin.py:188} INFO - [2024-06-15T23:42:51.759+0000] {dag.py:3954} INFO - Setting next_dagrun for simple-etl-dag to 2024-06-15 00:00:00+00:00, run_after=2024-06-16 00:00:00+00:00
[2024-06-15T23:42:51.907+0000] {processor.py:183} INFO - Processing /opt/airflow/dags/simple-dag.py took 0.355 seconds
[2024-06-15T23:43:22.796+0000] {processor.py:161} INFO - Started process (PID=74) to work on /opt/airflow/dags/simple-dag.py
[2024-06-15T23:43:22.797+0000] {processor.py:830} INFO - Processing file /opt/airflow/dags/simple-dag.py for tasks to queue
[2024-06-15T23:43:22.802+0000] {logging_mixin.py:188} INFO - [2024-06-15T23:43:22.801+0000] {dagbag.py:545} INFO - Filling up the DagBag from /opt/airflow/dags/simple-dag.py
[2024-06-15T23:43:22.863+0000] {processor.py:840} INFO - DAG(s) 'simple-etl-dag' retrieved from /opt/airflow/dags/simple-dag.py
[2024-06-15T23:43:22.935+0000] {logging_mixin.py:188} INFO - [2024-06-15T23:43:22.935+0000] {dag.py:3096} INFO - Sync 1 DAGs
[2024-06-15T23:43:23.001+0000] {logging_mixin.py:188} INFO - [2024-06-15T23:43:23.001+0000] {dag.py:3954} INFO - Setting next_dagrun for simple-etl-dag to 2024-06-15 00:00:00+00:00, run_after=2024-06-16 00:00:00+00:00
[2024-06-15T23:43:23.149+0000] {processor.py:183} INFO - Processing /opt/airflow/dags/simple-dag.py took 0.365 seconds
[2024-06-15T23:43:54.775+0000] {processor.py:161} INFO - Started process (PID=78) to work on /opt/airflow/dags/simple-dag.py
[2024-06-15T23:43:54.778+0000] {processor.py:830} INFO - Processing file /opt/airflow/dags/simple-dag.py for tasks to queue
[2024-06-15T23:43:54.783+0000] {logging_mixin.py:188} INFO - [2024-06-15T23:43:54.782+0000] {dagbag.py:545} INFO - Filling up the DagBag from /opt/airflow/dags/simple-dag.py
[2024-06-15T23:43:54.833+0000] {processor.py:840} INFO - DAG(s) 'simple-etl-dag' retrieved from /opt/airflow/dags/simple-dag.py
[2024-06-15T23:43:54.891+0000] {logging_mixin.py:188} INFO - [2024-06-15T23:43:54.890+0000] {dag.py:3096} INFO - Sync 1 DAGs
[2024-06-15T23:43:54.939+0000] {logging_mixin.py:188} INFO - [2024-06-15T23:43:54.938+0000] {dag.py:3954} INFO - Setting next_dagrun for simple-etl-dag to 2024-06-15 00:00:00+00:00, run_after=2024-06-16 00:00:00+00:00
[2024-06-15T23:43:55.108+0000] {processor.py:183} INFO - Processing /opt/airflow/dags/simple-dag.py took 0.343 seconds
[2024-06-15T23:44:26.713+0000] {processor.py:161} INFO - Started process (PID=82) to work on /opt/airflow/dags/simple-dag.py
[2024-06-15T23:44:26.715+0000] {processor.py:830} INFO - Processing file /opt/airflow/dags/simple-dag.py for tasks to queue
[2024-06-15T23:44:26.720+0000] {logging_mixin.py:188} INFO - [2024-06-15T23:44:26.719+0000] {dagbag.py:545} INFO - Filling up the DagBag from /opt/airflow/dags/simple-dag.py
[2024-06-15T23:44:26.775+0000] {processor.py:840} INFO - DAG(s) 'simple-etl-dag' retrieved from /opt/airflow/dags/simple-dag.py
[2024-06-15T23:44:26.836+0000] {logging_mixin.py:188} INFO - [2024-06-15T23:44:26.835+0000] {dag.py:3096} INFO - Sync 1 DAGs
[2024-06-15T23:44:26.906+0000] {logging_mixin.py:188} INFO - [2024-06-15T23:44:26.906+0000] {dag.py:3954} INFO - Setting next_dagrun for simple-etl-dag to 2024-06-15 00:00:00+00:00, run_after=2024-06-16 00:00:00+00:00
[2024-06-15T23:44:27.047+0000] {processor.py:183} INFO - Processing /opt/airflow/dags/simple-dag.py took 0.354 seconds
[2024-06-15T23:44:59.555+0000] {processor.py:161} INFO - Started process (PID=86) to work on /opt/airflow/dags/simple-dag.py
[2024-06-15T23:44:59.558+0000] {processor.py:830} INFO - Processing file /opt/airflow/dags/simple-dag.py for tasks to queue
[2024-06-15T23:44:59.561+0000] {logging_mixin.py:188} INFO - [2024-06-15T23:44:59.561+0000] {dagbag.py:545} INFO - Filling up the DagBag from /opt/airflow/dags/simple-dag.py
[2024-06-15T23:44:59.618+0000] {processor.py:840} INFO - DAG(s) 'simple-etl-dag' retrieved from /opt/airflow/dags/simple-dag.py
[2024-06-15T23:44:59.689+0000] {logging_mixin.py:188} INFO - [2024-06-15T23:44:59.689+0000] {dag.py:3096} INFO - Sync 1 DAGs
[2024-06-15T23:44:59.759+0000] {logging_mixin.py:188} INFO - [2024-06-15T23:44:59.759+0000] {dag.py:3954} INFO - Setting next_dagrun for simple-etl-dag to 2024-06-15 00:00:00+00:00, run_after=2024-06-16 00:00:00+00:00
[2024-06-15T23:44:59.914+0000] {processor.py:183} INFO - Processing /opt/airflow/dags/simple-dag.py took 0.369 seconds
[2024-06-15T23:45:31.655+0000] {processor.py:161} INFO - Started process (PID=90) to work on /opt/airflow/dags/simple-dag.py
[2024-06-15T23:45:31.658+0000] {processor.py:830} INFO - Processing file /opt/airflow/dags/simple-dag.py for tasks to queue
[2024-06-15T23:45:31.664+0000] {logging_mixin.py:188} INFO - [2024-06-15T23:45:31.662+0000] {dagbag.py:545} INFO - Filling up the DagBag from /opt/airflow/dags/simple-dag.py
[2024-06-15T23:45:31.733+0000] {processor.py:840} INFO - DAG(s) 'simple-etl-dag' retrieved from /opt/airflow/dags/simple-dag.py
[2024-06-15T23:45:31.810+0000] {logging_mixin.py:188} INFO - [2024-06-15T23:45:31.809+0000] {dag.py:3096} INFO - Sync 1 DAGs
[2024-06-15T23:45:31.865+0000] {logging_mixin.py:188} INFO - [2024-06-15T23:45:31.864+0000] {dag.py:3954} INFO - Setting next_dagrun for simple-etl-dag to 2024-06-15 00:00:00+00:00, run_after=2024-06-16 00:00:00+00:00
[2024-06-15T23:45:31.998+0000] {processor.py:183} INFO - Processing /opt/airflow/dags/simple-dag.py took 0.355 seconds
[2024-06-15T23:46:03.082+0000] {processor.py:161} INFO - Started process (PID=94) to work on /opt/airflow/dags/simple-dag.py
[2024-06-15T23:46:03.086+0000] {processor.py:830} INFO - Processing file /opt/airflow/dags/simple-dag.py for tasks to queue
[2024-06-15T23:46:03.101+0000] {logging_mixin.py:188} INFO - [2024-06-15T23:46:03.098+0000] {dagbag.py:545} INFO - Filling up the DagBag from /opt/airflow/dags/simple-dag.py
[2024-06-15T23:46:03.157+0000] {processor.py:840} INFO - DAG(s) 'simple-etl-dag' retrieved from /opt/airflow/dags/simple-dag.py
[2024-06-15T23:46:03.238+0000] {logging_mixin.py:188} INFO - [2024-06-15T23:46:03.235+0000] {dag.py:3096} INFO - Sync 1 DAGs
[2024-06-15T23:46:03.331+0000] {logging_mixin.py:188} INFO - [2024-06-15T23:46:03.325+0000] {dag.py:3954} INFO - Setting next_dagrun for simple-etl-dag to 2024-06-15 00:00:00+00:00, run_after=2024-06-16 00:00:00+00:00
[2024-06-15T23:46:03.468+0000] {processor.py:183} INFO - Processing /opt/airflow/dags/simple-dag.py took 0.416 seconds
