[2024-06-15T23:26:59.707+0000] {processor.py:161} INFO - Started process (PID=50) to work on /opt/airflow/dags/weather.py
[2024-06-15T23:26:59.709+0000] {processor.py:830} INFO - Processing file /opt/airflow/dags/weather.py for tasks to queue
[2024-06-15T23:26:59.714+0000] {logging_mixin.py:188} INFO - [2024-06-15T23:26:59.712+0000] {dagbag.py:545} INFO - Filling up the DagBag from /opt/airflow/dags/weather.py
[2024-06-15T23:27:01.209+0000] {processor.py:840} INFO - DAG(s) 'weather_pipeline' retrieved from /opt/airflow/dags/weather.py
[2024-06-15T23:27:01.244+0000] {logging_mixin.py:188} INFO - [2024-06-15T23:27:01.243+0000] {dag.py:3096} INFO - Sync 1 DAGs
[2024-06-15T23:27:01.305+0000] {logging_mixin.py:188} INFO - [2024-06-15T23:27:01.304+0000] {dag.py:3954} INFO - Setting next_dagrun for weather_pipeline to 2024-05-15 00:00:00+00:00, run_after=2024-05-16 00:00:00+00:00
[2024-06-15T23:27:01.443+0000] {processor.py:183} INFO - Processing /opt/airflow/dags/weather.py took 1.875 seconds
[2024-06-15T23:27:31.667+0000] {processor.py:161} INFO - Started process (PID=64) to work on /opt/airflow/dags/weather.py
[2024-06-15T23:27:31.671+0000] {processor.py:830} INFO - Processing file /opt/airflow/dags/weather.py for tasks to queue
[2024-06-15T23:27:31.680+0000] {logging_mixin.py:188} INFO - [2024-06-15T23:27:31.678+0000] {dagbag.py:545} INFO - Filling up the DagBag from /opt/airflow/dags/weather.py
[2024-06-15T23:27:32.541+0000] {processor.py:840} INFO - DAG(s) 'weather_pipeline' retrieved from /opt/airflow/dags/weather.py
[2024-06-15T23:27:32.852+0000] {logging_mixin.py:188} INFO - [2024-06-15T23:27:32.852+0000] {dag.py:3096} INFO - Sync 1 DAGs
[2024-06-15T23:27:33.228+0000] {logging_mixin.py:188} INFO - [2024-06-15T23:27:33.227+0000] {dag.py:3954} INFO - Setting next_dagrun for weather_pipeline to 2024-05-15 00:00:00+00:00, run_after=2024-05-16 00:00:00+00:00
[2024-06-15T23:27:33.423+0000] {processor.py:183} INFO - Processing /opt/airflow/dags/weather.py took 1.777 seconds
[2024-06-15T23:28:04.338+0000] {processor.py:161} INFO - Started process (PID=68) to work on /opt/airflow/dags/weather.py
[2024-06-15T23:28:04.340+0000] {processor.py:830} INFO - Processing file /opt/airflow/dags/weather.py for tasks to queue
[2024-06-15T23:28:04.343+0000] {logging_mixin.py:188} INFO - [2024-06-15T23:28:04.343+0000] {dagbag.py:545} INFO - Filling up the DagBag from /opt/airflow/dags/weather.py
[2024-06-15T23:28:05.092+0000] {processor.py:840} INFO - DAG(s) 'weather_pipeline' retrieved from /opt/airflow/dags/weather.py
[2024-06-15T23:28:05.147+0000] {logging_mixin.py:188} INFO - [2024-06-15T23:28:05.146+0000] {dag.py:3096} INFO - Sync 1 DAGs
[2024-06-15T23:28:05.200+0000] {logging_mixin.py:188} INFO - [2024-06-15T23:28:05.199+0000] {dag.py:3954} INFO - Setting next_dagrun for weather_pipeline to 2024-05-15 00:00:00+00:00, run_after=2024-05-16 00:00:00+00:00
[2024-06-15T23:28:05.380+0000] {processor.py:183} INFO - Processing /opt/airflow/dags/weather.py took 1.056 seconds
[2024-06-15T23:28:35.849+0000] {processor.py:161} INFO - Started process (PID=72) to work on /opt/airflow/dags/weather.py
[2024-06-15T23:28:35.855+0000] {processor.py:830} INFO - Processing file /opt/airflow/dags/weather.py for tasks to queue
[2024-06-15T23:28:35.865+0000] {logging_mixin.py:188} INFO - [2024-06-15T23:28:35.863+0000] {dagbag.py:545} INFO - Filling up the DagBag from /opt/airflow/dags/weather.py
[2024-06-15T23:28:36.690+0000] {processor.py:840} INFO - DAG(s) 'weather_pipeline' retrieved from /opt/airflow/dags/weather.py
[2024-06-15T23:28:36.748+0000] {logging_mixin.py:188} INFO - [2024-06-15T23:28:36.747+0000] {dag.py:3096} INFO - Sync 1 DAGs
[2024-06-15T23:28:36.802+0000] {logging_mixin.py:188} INFO - [2024-06-15T23:28:36.802+0000] {dag.py:3954} INFO - Setting next_dagrun for weather_pipeline to 2024-05-15 00:00:00+00:00, run_after=2024-05-16 00:00:00+00:00
[2024-06-15T23:28:36.963+0000] {processor.py:183} INFO - Processing /opt/airflow/dags/weather.py took 1.144 seconds
[2024-06-15T23:29:07.929+0000] {processor.py:161} INFO - Started process (PID=76) to work on /opt/airflow/dags/weather.py
[2024-06-15T23:29:07.932+0000] {processor.py:830} INFO - Processing file /opt/airflow/dags/weather.py for tasks to queue
[2024-06-15T23:29:07.936+0000] {logging_mixin.py:188} INFO - [2024-06-15T23:29:07.935+0000] {dagbag.py:545} INFO - Filling up the DagBag from /opt/airflow/dags/weather.py
[2024-06-15T23:29:09.131+0000] {processor.py:840} INFO - DAG(s) 'weather_pipeline' retrieved from /opt/airflow/dags/weather.py
[2024-06-15T23:29:09.232+0000] {logging_mixin.py:188} INFO - [2024-06-15T23:29:09.231+0000] {dag.py:3096} INFO - Sync 1 DAGs
[2024-06-15T23:29:09.280+0000] {logging_mixin.py:188} INFO - [2024-06-15T23:29:09.280+0000] {dag.py:3954} INFO - Setting next_dagrun for weather_pipeline to 2024-05-15 00:00:00+00:00, run_after=2024-05-16 00:00:00+00:00
[2024-06-15T23:29:09.416+0000] {processor.py:183} INFO - Processing /opt/airflow/dags/weather.py took 1.503 seconds
[2024-06-15T23:29:40.389+0000] {processor.py:161} INFO - Started process (PID=80) to work on /opt/airflow/dags/weather.py
[2024-06-15T23:29:40.392+0000] {processor.py:830} INFO - Processing file /opt/airflow/dags/weather.py for tasks to queue
[2024-06-15T23:29:40.398+0000] {logging_mixin.py:188} INFO - [2024-06-15T23:29:40.397+0000] {dagbag.py:545} INFO - Filling up the DagBag from /opt/airflow/dags/weather.py
[2024-06-15T23:29:41.471+0000] {processor.py:840} INFO - DAG(s) 'weather_pipeline' retrieved from /opt/airflow/dags/weather.py
[2024-06-15T23:29:41.552+0000] {logging_mixin.py:188} INFO - [2024-06-15T23:29:41.551+0000] {dag.py:3096} INFO - Sync 1 DAGs
[2024-06-15T23:29:41.613+0000] {logging_mixin.py:188} INFO - [2024-06-15T23:29:41.613+0000] {dag.py:3954} INFO - Setting next_dagrun for weather_pipeline to 2024-05-15 00:00:00+00:00, run_after=2024-05-16 00:00:00+00:00
[2024-06-15T23:29:41.739+0000] {processor.py:183} INFO - Processing /opt/airflow/dags/weather.py took 1.365 seconds
[2024-06-15T23:30:12.880+0000] {processor.py:161} INFO - Started process (PID=84) to work on /opt/airflow/dags/weather.py
[2024-06-15T23:30:12.883+0000] {processor.py:830} INFO - Processing file /opt/airflow/dags/weather.py for tasks to queue
[2024-06-15T23:30:12.888+0000] {logging_mixin.py:188} INFO - [2024-06-15T23:30:12.886+0000] {dagbag.py:545} INFO - Filling up the DagBag from /opt/airflow/dags/weather.py
[2024-06-15T23:30:13.776+0000] {processor.py:840} INFO - DAG(s) 'weather_pipeline' retrieved from /opt/airflow/dags/weather.py
[2024-06-15T23:30:13.843+0000] {logging_mixin.py:188} INFO - [2024-06-15T23:30:13.842+0000] {dag.py:3096} INFO - Sync 1 DAGs
[2024-06-15T23:30:13.912+0000] {logging_mixin.py:188} INFO - [2024-06-15T23:30:13.911+0000] {dag.py:3954} INFO - Setting next_dagrun for weather_pipeline to 2024-05-15 00:00:00+00:00, run_after=2024-05-16 00:00:00+00:00
[2024-06-15T23:30:14.046+0000] {processor.py:183} INFO - Processing /opt/airflow/dags/weather.py took 1.184 seconds
[2024-06-15T23:30:45.088+0000] {processor.py:161} INFO - Started process (PID=88) to work on /opt/airflow/dags/weather.py
[2024-06-15T23:30:45.091+0000] {processor.py:830} INFO - Processing file /opt/airflow/dags/weather.py for tasks to queue
[2024-06-15T23:30:45.095+0000] {logging_mixin.py:188} INFO - [2024-06-15T23:30:45.094+0000] {dagbag.py:545} INFO - Filling up the DagBag from /opt/airflow/dags/weather.py
[2024-06-15T23:30:45.837+0000] {processor.py:840} INFO - DAG(s) 'weather_pipeline' retrieved from /opt/airflow/dags/weather.py
[2024-06-15T23:30:45.917+0000] {logging_mixin.py:188} INFO - [2024-06-15T23:30:45.916+0000] {dag.py:3096} INFO - Sync 1 DAGs
[2024-06-15T23:30:45.976+0000] {logging_mixin.py:188} INFO - [2024-06-15T23:30:45.975+0000] {dag.py:3954} INFO - Setting next_dagrun for weather_pipeline to 2024-05-15 00:00:00+00:00, run_after=2024-05-16 00:00:00+00:00
[2024-06-15T23:30:46.518+0000] {processor.py:183} INFO - Processing /opt/airflow/dags/weather.py took 1.444 seconds
[2024-06-15T23:31:17.850+0000] {processor.py:161} INFO - Started process (PID=92) to work on /opt/airflow/dags/weather.py
[2024-06-15T23:31:17.852+0000] {processor.py:830} INFO - Processing file /opt/airflow/dags/weather.py for tasks to queue
[2024-06-15T23:31:17.858+0000] {logging_mixin.py:188} INFO - [2024-06-15T23:31:17.857+0000] {dagbag.py:545} INFO - Filling up the DagBag from /opt/airflow/dags/weather.py
[2024-06-15T23:31:18.612+0000] {processor.py:840} INFO - DAG(s) 'weather_pipeline' retrieved from /opt/airflow/dags/weather.py
[2024-06-15T23:31:18.662+0000] {logging_mixin.py:188} INFO - [2024-06-15T23:31:18.661+0000] {dag.py:3096} INFO - Sync 1 DAGs
[2024-06-15T23:31:18.723+0000] {logging_mixin.py:188} INFO - [2024-06-15T23:31:18.722+0000] {dag.py:3954} INFO - Setting next_dagrun for weather_pipeline to 2024-05-15 00:00:00+00:00, run_after=2024-05-16 00:00:00+00:00
[2024-06-15T23:31:19.054+0000] {processor.py:183} INFO - Processing /opt/airflow/dags/weather.py took 1.217 seconds
[2024-06-15T23:31:49.503+0000] {processor.py:161} INFO - Started process (PID=96) to work on /opt/airflow/dags/weather.py
[2024-06-15T23:31:49.505+0000] {processor.py:830} INFO - Processing file /opt/airflow/dags/weather.py for tasks to queue
[2024-06-15T23:31:49.508+0000] {logging_mixin.py:188} INFO - [2024-06-15T23:31:49.507+0000] {dagbag.py:545} INFO - Filling up the DagBag from /opt/airflow/dags/weather.py
[2024-06-15T23:31:50.236+0000] {processor.py:840} INFO - DAG(s) 'weather_pipeline' retrieved from /opt/airflow/dags/weather.py
[2024-06-15T23:31:50.293+0000] {logging_mixin.py:188} INFO - [2024-06-15T23:31:50.292+0000] {dag.py:3096} INFO - Sync 1 DAGs
[2024-06-15T23:31:50.347+0000] {logging_mixin.py:188} INFO - [2024-06-15T23:31:50.346+0000] {dag.py:3954} INFO - Setting next_dagrun for weather_pipeline to 2024-05-15 00:00:00+00:00, run_after=2024-05-16 00:00:00+00:00
[2024-06-15T23:31:50.522+0000] {processor.py:183} INFO - Processing /opt/airflow/dags/weather.py took 1.030 seconds
[2024-06-15T23:32:20.998+0000] {processor.py:161} INFO - Started process (PID=100) to work on /opt/airflow/dags/weather.py
[2024-06-15T23:32:21.002+0000] {processor.py:830} INFO - Processing file /opt/airflow/dags/weather.py for tasks to queue
[2024-06-15T23:32:21.013+0000] {logging_mixin.py:188} INFO - [2024-06-15T23:32:21.012+0000] {dagbag.py:545} INFO - Filling up the DagBag from /opt/airflow/dags/weather.py
[2024-06-15T23:32:21.845+0000] {processor.py:840} INFO - DAG(s) 'weather_pipeline' retrieved from /opt/airflow/dags/weather.py
[2024-06-15T23:32:21.912+0000] {logging_mixin.py:188} INFO - [2024-06-15T23:32:21.911+0000] {dag.py:3096} INFO - Sync 1 DAGs
[2024-06-15T23:32:21.986+0000] {logging_mixin.py:188} INFO - [2024-06-15T23:32:21.985+0000] {dag.py:3954} INFO - Setting next_dagrun for weather_pipeline to 2024-05-15 00:00:00+00:00, run_after=2024-05-16 00:00:00+00:00
[2024-06-15T23:32:22.133+0000] {processor.py:183} INFO - Processing /opt/airflow/dags/weather.py took 1.154 seconds
[2024-06-15T23:32:53.453+0000] {processor.py:161} INFO - Started process (PID=104) to work on /opt/airflow/dags/weather.py
[2024-06-15T23:32:53.456+0000] {processor.py:830} INFO - Processing file /opt/airflow/dags/weather.py for tasks to queue
[2024-06-15T23:32:53.460+0000] {logging_mixin.py:188} INFO - [2024-06-15T23:32:53.460+0000] {dagbag.py:545} INFO - Filling up the DagBag from /opt/airflow/dags/weather.py
[2024-06-15T23:32:54.155+0000] {processor.py:840} INFO - DAG(s) 'weather_pipeline' retrieved from /opt/airflow/dags/weather.py
[2024-06-15T23:32:54.209+0000] {logging_mixin.py:188} INFO - [2024-06-15T23:32:54.209+0000] {dag.py:3096} INFO - Sync 1 DAGs
[2024-06-15T23:32:54.262+0000] {logging_mixin.py:188} INFO - [2024-06-15T23:32:54.262+0000] {dag.py:3954} INFO - Setting next_dagrun for weather_pipeline to 2024-05-15 00:00:00+00:00, run_after=2024-05-16 00:00:00+00:00
[2024-06-15T23:32:54.398+0000] {processor.py:183} INFO - Processing /opt/airflow/dags/weather.py took 0.961 seconds
[2024-06-15T23:33:25.767+0000] {processor.py:161} INFO - Started process (PID=108) to work on /opt/airflow/dags/weather.py
[2024-06-15T23:33:25.771+0000] {processor.py:830} INFO - Processing file /opt/airflow/dags/weather.py for tasks to queue
[2024-06-15T23:33:25.780+0000] {logging_mixin.py:188} INFO - [2024-06-15T23:33:25.778+0000] {dagbag.py:545} INFO - Filling up the DagBag from /opt/airflow/dags/weather.py
[2024-06-15T23:33:26.439+0000] {processor.py:840} INFO - DAG(s) 'weather_pipeline' retrieved from /opt/airflow/dags/weather.py
[2024-06-15T23:33:26.494+0000] {logging_mixin.py:188} INFO - [2024-06-15T23:33:26.494+0000] {dag.py:3096} INFO - Sync 1 DAGs
[2024-06-15T23:33:26.578+0000] {logging_mixin.py:188} INFO - [2024-06-15T23:33:26.578+0000] {dag.py:3954} INFO - Setting next_dagrun for weather_pipeline to 2024-05-15 00:00:00+00:00, run_after=2024-05-16 00:00:00+00:00
[2024-06-15T23:33:26.722+0000] {processor.py:183} INFO - Processing /opt/airflow/dags/weather.py took 0.986 seconds
[2024-06-15T23:33:58.125+0000] {processor.py:161} INFO - Started process (PID=112) to work on /opt/airflow/dags/weather.py
[2024-06-15T23:33:58.132+0000] {processor.py:830} INFO - Processing file /opt/airflow/dags/weather.py for tasks to queue
[2024-06-15T23:33:58.144+0000] {logging_mixin.py:188} INFO - [2024-06-15T23:33:58.142+0000] {dagbag.py:545} INFO - Filling up the DagBag from /opt/airflow/dags/weather.py
[2024-06-15T23:33:59.125+0000] {processor.py:840} INFO - DAG(s) 'weather_pipeline' retrieved from /opt/airflow/dags/weather.py
[2024-06-15T23:33:59.189+0000] {logging_mixin.py:188} INFO - [2024-06-15T23:33:59.188+0000] {dag.py:3096} INFO - Sync 1 DAGs
[2024-06-15T23:33:59.249+0000] {logging_mixin.py:188} INFO - [2024-06-15T23:33:59.248+0000] {dag.py:3954} INFO - Setting next_dagrun for weather_pipeline to 2024-05-15 00:00:00+00:00, run_after=2024-05-16 00:00:00+00:00
[2024-06-15T23:33:59.409+0000] {processor.py:183} INFO - Processing /opt/airflow/dags/weather.py took 1.320 seconds
[2024-06-15T23:34:30.291+0000] {processor.py:161} INFO - Started process (PID=116) to work on /opt/airflow/dags/weather.py
[2024-06-15T23:34:30.293+0000] {processor.py:830} INFO - Processing file /opt/airflow/dags/weather.py for tasks to queue
[2024-06-15T23:34:30.297+0000] {logging_mixin.py:188} INFO - [2024-06-15T23:34:30.296+0000] {dagbag.py:545} INFO - Filling up the DagBag from /opt/airflow/dags/weather.py
[2024-06-15T23:34:31.015+0000] {processor.py:840} INFO - DAG(s) 'weather_pipeline' retrieved from /opt/airflow/dags/weather.py
[2024-06-15T23:34:31.082+0000] {logging_mixin.py:188} INFO - [2024-06-15T23:34:31.082+0000] {dag.py:3096} INFO - Sync 1 DAGs
[2024-06-15T23:34:31.143+0000] {logging_mixin.py:188} INFO - [2024-06-15T23:34:31.142+0000] {dag.py:3954} INFO - Setting next_dagrun for weather_pipeline to 2024-05-15 00:00:00+00:00, run_after=2024-05-16 00:00:00+00:00
[2024-06-15T23:34:31.340+0000] {processor.py:183} INFO - Processing /opt/airflow/dags/weather.py took 1.061 seconds
[2024-06-15T23:35:02.583+0000] {processor.py:161} INFO - Started process (PID=120) to work on /opt/airflow/dags/weather.py
[2024-06-15T23:35:02.589+0000] {processor.py:830} INFO - Processing file /opt/airflow/dags/weather.py for tasks to queue
[2024-06-15T23:35:02.602+0000] {logging_mixin.py:188} INFO - [2024-06-15T23:35:02.600+0000] {dagbag.py:545} INFO - Filling up the DagBag from /opt/airflow/dags/weather.py
[2024-06-15T23:35:03.401+0000] {processor.py:840} INFO - DAG(s) 'weather_pipeline' retrieved from /opt/airflow/dags/weather.py
[2024-06-15T23:35:03.483+0000] {logging_mixin.py:188} INFO - [2024-06-15T23:35:03.482+0000] {dag.py:3096} INFO - Sync 1 DAGs
[2024-06-15T23:35:03.551+0000] {logging_mixin.py:188} INFO - [2024-06-15T23:35:03.550+0000] {dag.py:3954} INFO - Setting next_dagrun for weather_pipeline to 2024-05-15 00:00:00+00:00, run_after=2024-05-16 00:00:00+00:00
[2024-06-15T23:35:03.842+0000] {processor.py:183} INFO - Processing /opt/airflow/dags/weather.py took 1.295 seconds
[2024-06-15T23:35:34.938+0000] {processor.py:161} INFO - Started process (PID=124) to work on /opt/airflow/dags/weather.py
[2024-06-15T23:35:34.940+0000] {processor.py:830} INFO - Processing file /opt/airflow/dags/weather.py for tasks to queue
[2024-06-15T23:35:34.945+0000] {logging_mixin.py:188} INFO - [2024-06-15T23:35:34.944+0000] {dagbag.py:545} INFO - Filling up the DagBag from /opt/airflow/dags/weather.py
[2024-06-15T23:35:35.655+0000] {processor.py:840} INFO - DAG(s) 'weather_pipeline' retrieved from /opt/airflow/dags/weather.py
[2024-06-15T23:35:35.712+0000] {logging_mixin.py:188} INFO - [2024-06-15T23:35:35.711+0000] {dag.py:3096} INFO - Sync 1 DAGs
[2024-06-15T23:35:35.773+0000] {logging_mixin.py:188} INFO - [2024-06-15T23:35:35.772+0000] {dag.py:3954} INFO - Setting next_dagrun for weather_pipeline to 2024-05-15 00:00:00+00:00, run_after=2024-05-16 00:00:00+00:00
[2024-06-15T23:35:35.916+0000] {processor.py:183} INFO - Processing /opt/airflow/dags/weather.py took 0.992 seconds
[2024-06-15T23:36:06.165+0000] {processor.py:161} INFO - Started process (PID=128) to work on /opt/airflow/dags/weather.py
[2024-06-15T23:36:06.167+0000] {processor.py:830} INFO - Processing file /opt/airflow/dags/weather.py for tasks to queue
[2024-06-15T23:36:06.176+0000] {logging_mixin.py:188} INFO - [2024-06-15T23:36:06.174+0000] {dagbag.py:545} INFO - Filling up the DagBag from /opt/airflow/dags/weather.py
[2024-06-15T23:36:06.976+0000] {processor.py:840} INFO - DAG(s) 'weather_pipeline' retrieved from /opt/airflow/dags/weather.py
[2024-06-15T23:36:07.037+0000] {logging_mixin.py:188} INFO - [2024-06-15T23:36:07.037+0000] {dag.py:3096} INFO - Sync 1 DAGs
[2024-06-15T23:36:07.092+0000] {logging_mixin.py:188} INFO - [2024-06-15T23:36:07.091+0000] {dag.py:3954} INFO - Setting next_dagrun for weather_pipeline to 2024-05-15 00:00:00+00:00, run_after=2024-05-16 00:00:00+00:00
[2024-06-15T23:36:08.140+0000] {processor.py:183} INFO - Processing /opt/airflow/dags/weather.py took 1.991 seconds
[2024-06-15T23:36:39.744+0000] {processor.py:161} INFO - Started process (PID=132) to work on /opt/airflow/dags/weather.py
[2024-06-15T23:36:39.746+0000] {processor.py:830} INFO - Processing file /opt/airflow/dags/weather.py for tasks to queue
[2024-06-15T23:36:39.755+0000] {logging_mixin.py:188} INFO - [2024-06-15T23:36:39.754+0000] {dagbag.py:545} INFO - Filling up the DagBag from /opt/airflow/dags/weather.py
[2024-06-15T23:36:40.629+0000] {processor.py:840} INFO - DAG(s) 'weather_pipeline' retrieved from /opt/airflow/dags/weather.py
[2024-06-15T23:36:40.705+0000] {logging_mixin.py:188} INFO - [2024-06-15T23:36:40.704+0000] {dag.py:3096} INFO - Sync 1 DAGs
[2024-06-15T23:36:40.780+0000] {logging_mixin.py:188} INFO - [2024-06-15T23:36:40.779+0000] {dag.py:3954} INFO - Setting next_dagrun for weather_pipeline to 2024-05-15 00:00:00+00:00, run_after=2024-05-16 00:00:00+00:00
[2024-06-15T23:36:41.192+0000] {processor.py:183} INFO - Processing /opt/airflow/dags/weather.py took 1.467 seconds
[2024-06-15T23:37:11.920+0000] {processor.py:161} INFO - Started process (PID=136) to work on /opt/airflow/dags/weather.py
[2024-06-15T23:37:11.923+0000] {processor.py:830} INFO - Processing file /opt/airflow/dags/weather.py for tasks to queue
[2024-06-15T23:37:11.928+0000] {logging_mixin.py:188} INFO - [2024-06-15T23:37:11.928+0000] {dagbag.py:545} INFO - Filling up the DagBag from /opt/airflow/dags/weather.py
[2024-06-15T23:37:12.619+0000] {processor.py:840} INFO - DAG(s) 'weather_pipeline' retrieved from /opt/airflow/dags/weather.py
[2024-06-15T23:37:12.671+0000] {logging_mixin.py:188} INFO - [2024-06-15T23:37:12.670+0000] {dag.py:3096} INFO - Sync 1 DAGs
[2024-06-15T23:37:12.725+0000] {logging_mixin.py:188} INFO - [2024-06-15T23:37:12.725+0000] {dag.py:3954} INFO - Setting next_dagrun for weather_pipeline to 2024-05-15 00:00:00+00:00, run_after=2024-05-16 00:00:00+00:00
[2024-06-15T23:37:12.848+0000] {processor.py:183} INFO - Processing /opt/airflow/dags/weather.py took 0.942 seconds
[2024-06-15T23:37:43.931+0000] {processor.py:161} INFO - Started process (PID=140) to work on /opt/airflow/dags/weather.py
[2024-06-15T23:37:43.934+0000] {processor.py:830} INFO - Processing file /opt/airflow/dags/weather.py for tasks to queue
[2024-06-15T23:37:43.939+0000] {logging_mixin.py:188} INFO - [2024-06-15T23:37:43.938+0000] {dagbag.py:545} INFO - Filling up the DagBag from /opt/airflow/dags/weather.py
[2024-06-15T23:37:44.492+0000] {processor.py:840} INFO - DAG(s) 'weather_pipeline' retrieved from /opt/airflow/dags/weather.py
[2024-06-15T23:37:44.544+0000] {logging_mixin.py:188} INFO - [2024-06-15T23:37:44.544+0000] {dag.py:3096} INFO - Sync 1 DAGs
[2024-06-15T23:37:44.591+0000] {logging_mixin.py:188} INFO - [2024-06-15T23:37:44.591+0000] {dag.py:3954} INFO - Setting next_dagrun for weather_pipeline to 2024-05-15 00:00:00+00:00, run_after=2024-05-16 00:00:00+00:00
[2024-06-15T23:37:44.732+0000] {processor.py:183} INFO - Processing /opt/airflow/dags/weather.py took 0.815 seconds
[2024-06-15T23:38:15.684+0000] {processor.py:161} INFO - Started process (PID=144) to work on /opt/airflow/dags/weather.py
[2024-06-15T23:38:15.686+0000] {processor.py:830} INFO - Processing file /opt/airflow/dags/weather.py for tasks to queue
[2024-06-15T23:38:15.690+0000] {logging_mixin.py:188} INFO - [2024-06-15T23:38:15.689+0000] {dagbag.py:545} INFO - Filling up the DagBag from /opt/airflow/dags/weather.py
[2024-06-15T23:38:16.233+0000] {processor.py:840} INFO - DAG(s) 'weather_pipeline' retrieved from /opt/airflow/dags/weather.py
[2024-06-15T23:38:16.302+0000] {logging_mixin.py:188} INFO - [2024-06-15T23:38:16.301+0000] {dag.py:3096} INFO - Sync 1 DAGs
[2024-06-15T23:38:16.353+0000] {logging_mixin.py:188} INFO - [2024-06-15T23:38:16.352+0000] {dag.py:3954} INFO - Setting next_dagrun for weather_pipeline to 2024-05-15 00:00:00+00:00, run_after=2024-05-16 00:00:00+00:00
[2024-06-15T23:38:16.534+0000] {processor.py:183} INFO - Processing /opt/airflow/dags/weather.py took 0.859 seconds
[2024-06-15T23:38:47.432+0000] {processor.py:161} INFO - Started process (PID=148) to work on /opt/airflow/dags/weather.py
[2024-06-15T23:38:47.434+0000] {processor.py:830} INFO - Processing file /opt/airflow/dags/weather.py for tasks to queue
[2024-06-15T23:38:47.438+0000] {logging_mixin.py:188} INFO - [2024-06-15T23:38:47.437+0000] {dagbag.py:545} INFO - Filling up the DagBag from /opt/airflow/dags/weather.py
[2024-06-15T23:38:48.017+0000] {processor.py:840} INFO - DAG(s) 'weather_pipeline' retrieved from /opt/airflow/dags/weather.py
[2024-06-15T23:38:48.066+0000] {logging_mixin.py:188} INFO - [2024-06-15T23:38:48.065+0000] {dag.py:3096} INFO - Sync 1 DAGs
[2024-06-15T23:38:48.107+0000] {logging_mixin.py:188} INFO - [2024-06-15T23:38:48.106+0000] {dag.py:3954} INFO - Setting next_dagrun for weather_pipeline to 2024-05-15 00:00:00+00:00, run_after=2024-05-16 00:00:00+00:00
[2024-06-15T23:38:48.226+0000] {processor.py:183} INFO - Processing /opt/airflow/dags/weather.py took 0.807 seconds
[2024-06-15T23:39:19.460+0000] {processor.py:161} INFO - Started process (PID=152) to work on /opt/airflow/dags/weather.py
[2024-06-15T23:39:19.463+0000] {processor.py:830} INFO - Processing file /opt/airflow/dags/weather.py for tasks to queue
[2024-06-15T23:39:19.468+0000] {logging_mixin.py:188} INFO - [2024-06-15T23:39:19.467+0000] {dagbag.py:545} INFO - Filling up the DagBag from /opt/airflow/dags/weather.py
[2024-06-15T23:39:20.528+0000] {processor.py:840} INFO - DAG(s) 'weather_pipeline' retrieved from /opt/airflow/dags/weather.py
[2024-06-15T23:39:20.583+0000] {logging_mixin.py:188} INFO - [2024-06-15T23:39:20.582+0000] {dag.py:3096} INFO - Sync 1 DAGs
[2024-06-15T23:39:20.632+0000] {logging_mixin.py:188} INFO - [2024-06-15T23:39:20.632+0000] {dag.py:3954} INFO - Setting next_dagrun for weather_pipeline to 2024-05-15 00:00:00+00:00, run_after=2024-05-16 00:00:00+00:00
[2024-06-15T23:39:20.793+0000] {processor.py:183} INFO - Processing /opt/airflow/dags/weather.py took 1.347 seconds
[2024-06-15T23:39:52.093+0000] {processor.py:161} INFO - Started process (PID=156) to work on /opt/airflow/dags/weather.py
[2024-06-15T23:39:52.095+0000] {processor.py:830} INFO - Processing file /opt/airflow/dags/weather.py for tasks to queue
[2024-06-15T23:39:52.100+0000] {logging_mixin.py:188} INFO - [2024-06-15T23:39:52.099+0000] {dagbag.py:545} INFO - Filling up the DagBag from /opt/airflow/dags/weather.py
[2024-06-15T23:39:52.885+0000] {processor.py:840} INFO - DAG(s) 'weather_pipeline' retrieved from /opt/airflow/dags/weather.py
[2024-06-15T23:39:52.950+0000] {logging_mixin.py:188} INFO - [2024-06-15T23:39:52.950+0000] {dag.py:3096} INFO - Sync 1 DAGs
[2024-06-15T23:39:53.013+0000] {logging_mixin.py:188} INFO - [2024-06-15T23:39:53.013+0000] {dag.py:3954} INFO - Setting next_dagrun for weather_pipeline to 2024-05-15 00:00:00+00:00, run_after=2024-05-16 00:00:00+00:00
[2024-06-15T23:39:53.230+0000] {processor.py:183} INFO - Processing /opt/airflow/dags/weather.py took 1.155 seconds
[2024-06-15T23:40:24.538+0000] {processor.py:161} INFO - Started process (PID=160) to work on /opt/airflow/dags/weather.py
[2024-06-15T23:40:24.540+0000] {processor.py:830} INFO - Processing file /opt/airflow/dags/weather.py for tasks to queue
[2024-06-15T23:40:24.545+0000] {logging_mixin.py:188} INFO - [2024-06-15T23:40:24.544+0000] {dagbag.py:545} INFO - Filling up the DagBag from /opt/airflow/dags/weather.py
[2024-06-15T23:40:25.263+0000] {processor.py:840} INFO - DAG(s) 'weather_pipeline' retrieved from /opt/airflow/dags/weather.py
[2024-06-15T23:40:25.328+0000] {logging_mixin.py:188} INFO - [2024-06-15T23:40:25.326+0000] {dag.py:3096} INFO - Sync 1 DAGs
[2024-06-15T23:40:25.386+0000] {logging_mixin.py:188} INFO - [2024-06-15T23:40:25.386+0000] {dag.py:3954} INFO - Setting next_dagrun for weather_pipeline to 2024-05-15 00:00:00+00:00, run_after=2024-05-16 00:00:00+00:00
[2024-06-15T23:40:25.553+0000] {processor.py:183} INFO - Processing /opt/airflow/dags/weather.py took 1.033 seconds
[2024-06-15T23:41:44.898+0000] {processor.py:161} INFO - Started process (PID=52) to work on /opt/airflow/dags/weather.py
[2024-06-15T23:41:44.903+0000] {processor.py:830} INFO - Processing file /opt/airflow/dags/weather.py for tasks to queue
[2024-06-15T23:41:44.911+0000] {logging_mixin.py:188} INFO - [2024-06-15T23:41:44.909+0000] {dagbag.py:545} INFO - Filling up the DagBag from /opt/airflow/dags/weather.py
[2024-06-15T23:41:46.370+0000] {processor.py:840} INFO - DAG(s) 'weather_pipeline' retrieved from /opt/airflow/dags/weather.py
[2024-06-15T23:41:46.398+0000] {logging_mixin.py:188} INFO - [2024-06-15T23:41:46.397+0000] {dag.py:3096} INFO - Sync 1 DAGs
[2024-06-15T23:41:46.452+0000] {logging_mixin.py:188} INFO - [2024-06-15T23:41:46.452+0000] {dag.py:3954} INFO - Setting next_dagrun for weather_pipeline to 2024-05-15 00:00:00+00:00, run_after=2024-05-16 00:00:00+00:00
[2024-06-15T23:41:46.581+0000] {processor.py:183} INFO - Processing /opt/airflow/dags/weather.py took 1.811 seconds
[2024-06-15T23:42:17.077+0000] {processor.py:161} INFO - Started process (PID=64) to work on /opt/airflow/dags/weather.py
[2024-06-15T23:42:17.081+0000] {processor.py:830} INFO - Processing file /opt/airflow/dags/weather.py for tasks to queue
[2024-06-15T23:42:17.086+0000] {logging_mixin.py:188} INFO - [2024-06-15T23:42:17.086+0000] {dagbag.py:545} INFO - Filling up the DagBag from /opt/airflow/dags/weather.py
[2024-06-15T23:42:17.874+0000] {processor.py:840} INFO - DAG(s) 'weather_pipeline' retrieved from /opt/airflow/dags/weather.py
[2024-06-15T23:42:18.205+0000] {logging_mixin.py:188} INFO - [2024-06-15T23:42:18.204+0000] {dag.py:3096} INFO - Sync 1 DAGs
[2024-06-15T23:42:18.413+0000] {logging_mixin.py:188} INFO - [2024-06-15T23:42:18.413+0000] {dag.py:3954} INFO - Setting next_dagrun for weather_pipeline to 2024-05-15 00:00:00+00:00, run_after=2024-05-16 00:00:00+00:00
[2024-06-15T23:42:18.544+0000] {processor.py:183} INFO - Processing /opt/airflow/dags/weather.py took 1.483 seconds
[2024-06-15T23:42:49.181+0000] {processor.py:161} INFO - Started process (PID=68) to work on /opt/airflow/dags/weather.py
[2024-06-15T23:42:49.183+0000] {processor.py:830} INFO - Processing file /opt/airflow/dags/weather.py for tasks to queue
[2024-06-15T23:42:49.187+0000] {logging_mixin.py:188} INFO - [2024-06-15T23:42:49.187+0000] {dagbag.py:545} INFO - Filling up the DagBag from /opt/airflow/dags/weather.py
[2024-06-15T23:42:49.984+0000] {processor.py:840} INFO - DAG(s) 'weather_pipeline' retrieved from /opt/airflow/dags/weather.py
[2024-06-15T23:42:50.037+0000] {logging_mixin.py:188} INFO - [2024-06-15T23:42:50.036+0000] {dag.py:3096} INFO - Sync 1 DAGs
[2024-06-15T23:42:50.094+0000] {logging_mixin.py:188} INFO - [2024-06-15T23:42:50.093+0000] {dag.py:3954} INFO - Setting next_dagrun for weather_pipeline to 2024-05-15 00:00:00+00:00, run_after=2024-05-16 00:00:00+00:00
[2024-06-15T23:42:50.204+0000] {processor.py:183} INFO - Processing /opt/airflow/dags/weather.py took 1.035 seconds
[2024-06-15T23:43:21.188+0000] {processor.py:161} INFO - Started process (PID=72) to work on /opt/airflow/dags/weather.py
[2024-06-15T23:43:21.190+0000] {processor.py:830} INFO - Processing file /opt/airflow/dags/weather.py for tasks to queue
[2024-06-15T23:43:21.194+0000] {logging_mixin.py:188} INFO - [2024-06-15T23:43:21.193+0000] {dagbag.py:545} INFO - Filling up the DagBag from /opt/airflow/dags/weather.py
[2024-06-15T23:43:22.020+0000] {processor.py:840} INFO - DAG(s) 'weather_pipeline' retrieved from /opt/airflow/dags/weather.py
[2024-06-15T23:43:22.075+0000] {logging_mixin.py:188} INFO - [2024-06-15T23:43:22.074+0000] {dag.py:3096} INFO - Sync 1 DAGs
[2024-06-15T23:43:22.127+0000] {logging_mixin.py:188} INFO - [2024-06-15T23:43:22.127+0000] {dag.py:3954} INFO - Setting next_dagrun for weather_pipeline to 2024-05-15 00:00:00+00:00, run_after=2024-05-16 00:00:00+00:00
[2024-06-15T23:43:22.240+0000] {processor.py:183} INFO - Processing /opt/airflow/dags/weather.py took 1.062 seconds
[2024-06-15T23:43:53.407+0000] {processor.py:161} INFO - Started process (PID=76) to work on /opt/airflow/dags/weather.py
[2024-06-15T23:43:53.410+0000] {processor.py:830} INFO - Processing file /opt/airflow/dags/weather.py for tasks to queue
[2024-06-15T23:43:53.414+0000] {logging_mixin.py:188} INFO - [2024-06-15T23:43:53.413+0000] {dagbag.py:545} INFO - Filling up the DagBag from /opt/airflow/dags/weather.py
[2024-06-15T23:43:54.204+0000] {processor.py:840} INFO - DAG(s) 'weather_pipeline' retrieved from /opt/airflow/dags/weather.py
[2024-06-15T23:43:54.263+0000] {logging_mixin.py:188} INFO - [2024-06-15T23:43:54.262+0000] {dag.py:3096} INFO - Sync 1 DAGs
[2024-06-15T23:43:54.315+0000] {logging_mixin.py:188} INFO - [2024-06-15T23:43:54.314+0000] {dag.py:3954} INFO - Setting next_dagrun for weather_pipeline to 2024-05-15 00:00:00+00:00, run_after=2024-05-16 00:00:00+00:00
[2024-06-15T23:43:54.454+0000] {processor.py:183} INFO - Processing /opt/airflow/dags/weather.py took 1.060 seconds
[2024-06-15T23:44:24.669+0000] {processor.py:161} INFO - Started process (PID=80) to work on /opt/airflow/dags/weather.py
[2024-06-15T23:44:24.671+0000] {processor.py:830} INFO - Processing file /opt/airflow/dags/weather.py for tasks to queue
[2024-06-15T23:44:24.674+0000] {logging_mixin.py:188} INFO - [2024-06-15T23:44:24.674+0000] {dagbag.py:545} INFO - Filling up the DagBag from /opt/airflow/dags/weather.py
[2024-06-15T23:44:25.388+0000] {processor.py:840} INFO - DAG(s) 'weather_pipeline' retrieved from /opt/airflow/dags/weather.py
[2024-06-15T23:44:25.448+0000] {logging_mixin.py:188} INFO - [2024-06-15T23:44:25.447+0000] {dag.py:3096} INFO - Sync 1 DAGs
[2024-06-15T23:44:25.506+0000] {logging_mixin.py:188} INFO - [2024-06-15T23:44:25.505+0000] {dag.py:3954} INFO - Setting next_dagrun for weather_pipeline to 2024-05-15 00:00:00+00:00, run_after=2024-05-16 00:00:00+00:00
[2024-06-15T23:44:25.649+0000] {processor.py:183} INFO - Processing /opt/airflow/dags/weather.py took 1.014 seconds
[2024-06-15T23:44:55.866+0000] {processor.py:161} INFO - Started process (PID=84) to work on /opt/airflow/dags/weather.py
[2024-06-15T23:44:55.870+0000] {processor.py:830} INFO - Processing file /opt/airflow/dags/weather.py for tasks to queue
[2024-06-15T23:44:55.875+0000] {logging_mixin.py:188} INFO - [2024-06-15T23:44:55.874+0000] {dagbag.py:545} INFO - Filling up the DagBag from /opt/airflow/dags/weather.py
[2024-06-15T23:44:56.737+0000] {processor.py:840} INFO - DAG(s) 'weather_pipeline' retrieved from /opt/airflow/dags/weather.py
[2024-06-15T23:44:56.788+0000] {logging_mixin.py:188} INFO - [2024-06-15T23:44:56.787+0000] {dag.py:3096} INFO - Sync 1 DAGs
[2024-06-15T23:44:56.851+0000] {logging_mixin.py:188} INFO - [2024-06-15T23:44:56.851+0000] {dag.py:3954} INFO - Setting next_dagrun for weather_pipeline to 2024-05-15 00:00:00+00:00, run_after=2024-05-16 00:00:00+00:00
[2024-06-15T23:44:58.168+0000] {processor.py:183} INFO - Processing /opt/airflow/dags/weather.py took 2.316 seconds
[2024-06-15T23:45:28.865+0000] {processor.py:161} INFO - Started process (PID=88) to work on /opt/airflow/dags/weather.py
[2024-06-15T23:45:28.867+0000] {processor.py:830} INFO - Processing file /opt/airflow/dags/weather.py for tasks to queue
[2024-06-15T23:45:28.874+0000] {logging_mixin.py:188} INFO - [2024-06-15T23:45:28.873+0000] {dagbag.py:545} INFO - Filling up the DagBag from /opt/airflow/dags/weather.py
[2024-06-15T23:45:29.717+0000] {processor.py:840} INFO - DAG(s) 'weather_pipeline' retrieved from /opt/airflow/dags/weather.py
[2024-06-15T23:45:29.779+0000] {logging_mixin.py:188} INFO - [2024-06-15T23:45:29.778+0000] {dag.py:3096} INFO - Sync 1 DAGs
[2024-06-15T23:45:29.833+0000] {logging_mixin.py:188} INFO - [2024-06-15T23:45:29.832+0000] {dag.py:3954} INFO - Setting next_dagrun for weather_pipeline to 2024-05-15 00:00:00+00:00, run_after=2024-05-16 00:00:00+00:00
[2024-06-15T23:45:30.313+0000] {processor.py:183} INFO - Processing /opt/airflow/dags/weather.py took 1.463 seconds
[2024-06-15T23:46:00.792+0000] {processor.py:161} INFO - Started process (PID=92) to work on /opt/airflow/dags/weather.py
[2024-06-15T23:46:00.794+0000] {processor.py:830} INFO - Processing file /opt/airflow/dags/weather.py for tasks to queue
[2024-06-15T23:46:00.798+0000] {logging_mixin.py:188} INFO - [2024-06-15T23:46:00.797+0000] {dagbag.py:545} INFO - Filling up the DagBag from /opt/airflow/dags/weather.py
[2024-06-15T23:46:01.377+0000] {processor.py:840} INFO - DAG(s) 'weather_pipeline' retrieved from /opt/airflow/dags/weather.py
[2024-06-15T23:46:01.426+0000] {logging_mixin.py:188} INFO - [2024-06-15T23:46:01.425+0000] {dag.py:3096} INFO - Sync 1 DAGs
[2024-06-15T23:46:01.486+0000] {logging_mixin.py:188} INFO - [2024-06-15T23:46:01.486+0000] {dag.py:3954} INFO - Setting next_dagrun for weather_pipeline to 2024-05-15 00:00:00+00:00, run_after=2024-05-16 00:00:00+00:00
[2024-06-15T23:46:01.608+0000] {processor.py:183} INFO - Processing /opt/airflow/dags/weather.py took 0.826 seconds
