[2024-06-16T14:14:57.659+0000] {local_task_job_runner.py:120} INFO - ::group::Pre task execution logs
[2024-06-16T14:14:57.838+0000] {taskinstance.py:2076} INFO - Dependencies all met for dep_context=non-requeueable deps ti=<TaskInstance: simple-etl-dag.load scheduled__2024-05-18T00:00:00+00:00 [queued]>
[2024-06-16T14:14:57.907+0000] {taskinstance.py:2076} INFO - Dependencies all met for dep_context=requeueable deps ti=<TaskInstance: simple-etl-dag.load scheduled__2024-05-18T00:00:00+00:00 [queued]>
[2024-06-16T14:14:57.920+0000] {taskinstance.py:2306} INFO - Starting attempt 1 of 1
[2024-06-16T14:14:58.032+0000] {taskinstance.py:2330} INFO - Executing <Task(BashOperator): load> on 2024-05-18 00:00:00+00:00
[2024-06-16T14:14:58.061+0000] {warnings.py:112} WARNING - /home/***/.local/lib/python3.12/site-packages/***/task/task_runner/standard_task_runner.py:61: DeprecationWarning: This process (pid=84) is multi-threaded, use of fork() may lead to deadlocks in the child.
  pid = os.fork()

[2024-06-16T14:14:58.091+0000] {standard_task_runner.py:63} INFO - Started process 88 to run task
[2024-06-16T14:14:58.109+0000] {standard_task_runner.py:90} INFO - Running: ['***', 'tasks', 'run', 'simple-etl-dag', 'load', 'scheduled__2024-05-18T00:00:00+00:00', '--job-id', '114', '--raw', '--subdir', 'DAGS_FOLDER/simple-dag.py', '--cfg-path', '/tmp/tmpaskz3c23']
[2024-06-16T14:14:58.132+0000] {standard_task_runner.py:91} INFO - Job 114: Subtask load
[2024-06-16T14:14:58.571+0000] {task_command.py:426} INFO - Running <TaskInstance: simple-etl-dag.load scheduled__2024-05-18T00:00:00+00:00 [running]> on host 3ee39c4edaab
[2024-06-16T14:14:59.735+0000] {taskinstance.py:2648} INFO - Exporting env vars: AIRFLOW_CTX_DAG_OWNER='***' AIRFLOW_CTX_DAG_ID='simple-etl-dag' AIRFLOW_CTX_TASK_ID='load' AIRFLOW_CTX_EXECUTION_DATE='2024-05-18T00:00:00+00:00' AIRFLOW_CTX_TRY_NUMBER='1' AIRFLOW_CTX_DAG_RUN_ID='scheduled__2024-05-18T00:00:00+00:00'
[2024-06-16T14:14:59.761+0000] {taskinstance.py:430} INFO - ::endgroup::
[2024-06-16T14:14:59.794+0000] {subprocess.py:63} INFO - Tmp dir root location: /tmp
[2024-06-16T14:14:59.818+0000] {subprocess.py:75} INFO - Running command: ['/usr/bin/bash', '-c', "echo 'Loading the transformed data in to SQLite database'"]
[2024-06-16T14:15:00.046+0000] {subprocess.py:86} INFO - Output:
[2024-06-16T14:15:00.110+0000] {subprocess.py:93} INFO - Loading the transformed data in to SQLite database
[2024-06-16T14:15:00.117+0000] {subprocess.py:97} INFO - Command exited with return code 0
[2024-06-16T14:15:00.128+0000] {taskinstance.py:441} INFO - ::group::Post task execution logs
[2024-06-16T14:15:00.499+0000] {taskinstance.py:1206} INFO - Marking task as SUCCESS. dag_id=simple-etl-dag, task_id=load, run_id=scheduled__2024-05-18T00:00:00+00:00, execution_date=20240518T000000, start_date=20240616T141457, end_date=20240616T141500
[2024-06-16T14:15:00.742+0000] {local_task_job_runner.py:240} INFO - Task exited with return code 0
[2024-06-16T14:15:00.961+0000] {taskinstance.py:3503} INFO - 0 downstream tasks scheduled from follow-on schedule check
[2024-06-16T14:15:00.980+0000] {local_task_job_runner.py:222} INFO - ::endgroup::
