[2024-06-16T14:19:16.920+0000] {local_task_job_runner.py:120} INFO - ::group::Pre task execution logs
[2024-06-16T14:19:17.276+0000] {taskinstance.py:2076} INFO - Dependencies all met for dep_context=non-requeueable deps ti=<TaskInstance: welcome_dag.print_welcome manual__2024-06-16T14:18:25.486554+00:00 [queued]>
[2024-06-16T14:19:17.318+0000] {taskinstance.py:2076} INFO - Dependencies all met for dep_context=requeueable deps ti=<TaskInstance: welcome_dag.print_welcome manual__2024-06-16T14:18:25.486554+00:00 [queued]>
[2024-06-16T14:19:17.321+0000] {taskinstance.py:2306} INFO - Starting attempt 1 of 1
[2024-06-16T14:19:17.416+0000] {taskinstance.py:2330} INFO - Executing <Task(PythonOperator): print_welcome> on 2024-06-16 14:18:25.486554+00:00
[2024-06-16T14:19:17.457+0000] {warnings.py:112} WARNING - /home/***/.local/lib/python3.12/site-packages/***/task/task_runner/standard_task_runner.py:61: DeprecationWarning: This process (pid=128) is multi-threaded, use of fork() may lead to deadlocks in the child.
  pid = os.fork()

[2024-06-16T14:19:17.463+0000] {standard_task_runner.py:63} INFO - Started process 145 to run task
[2024-06-16T14:19:17.466+0000] {standard_task_runner.py:90} INFO - Running: ['***', 'tasks', 'run', 'welcome_dag', 'print_welcome', 'manual__2024-06-16T14:18:25.486554+00:00', '--job-id', '117', '--raw', '--subdir', 'DAGS_FOLDER/welcome_dag.py', '--cfg-path', '/tmp/tmpwbavxgbu']
[2024-06-16T14:19:17.472+0000] {standard_task_runner.py:91} INFO - Job 117: Subtask print_welcome
[2024-06-16T14:19:17.633+0000] {task_command.py:426} INFO - Running <TaskInstance: welcome_dag.print_welcome manual__2024-06-16T14:18:25.486554+00:00 [running]> on host 3ee39c4edaab
[2024-06-16T14:19:18.093+0000] {taskinstance.py:2648} INFO - Exporting env vars: AIRFLOW_CTX_DAG_OWNER='***' AIRFLOW_CTX_DAG_ID='welcome_dag' AIRFLOW_CTX_TASK_ID='print_welcome' AIRFLOW_CTX_EXECUTION_DATE='2024-06-16T14:18:25.486554+00:00' AIRFLOW_CTX_TRY_NUMBER='1' AIRFLOW_CTX_DAG_RUN_ID='manual__2024-06-16T14:18:25.486554+00:00'
[2024-06-16T14:19:18.101+0000] {taskinstance.py:430} INFO - ::endgroup::
[2024-06-16T14:19:18.103+0000] {logging_mixin.py:188} INFO - Welcome to Airflow!
[2024-06-16T14:19:18.107+0000] {python.py:237} INFO - Done. Returned value was: None
[2024-06-16T14:19:18.109+0000] {taskinstance.py:441} INFO - ::group::Post task execution logs
[2024-06-16T14:19:18.143+0000] {taskinstance.py:1206} INFO - Marking task as SUCCESS. dag_id=welcome_dag, task_id=print_welcome, run_id=manual__2024-06-16T14:18:25.486554+00:00, execution_date=20240616T141825, start_date=20240616T141917, end_date=20240616T141918
[2024-06-16T14:19:18.190+0000] {local_task_job_runner.py:240} INFO - Task exited with return code 0
[2024-06-16T14:19:18.260+0000] {taskinstance.py:3503} INFO - 1 downstream tasks scheduled from follow-on schedule check
[2024-06-16T14:19:18.264+0000] {local_task_job_runner.py:222} INFO - ::endgroup::
